{"$message_type":"diagnostic","message":"unused imports: `EEXIST`, `ENOTEMPTY`, `EPERM`, and `c_int`","code":{"code":"unused_imports","explanation":null},"level":"warning","spans":[{"file_name":"src/filesystem.rs","byte_start":169,"byte_end":174,"line_start":6,"line_end":6,"column_start":12,"column_end":17,"is_primary":true,"text":[{"text":"use libc::{c_int, EACCES, EEXIST, ENOENT, ENOTEMPTY, EPERM};","highlight_start":12,"highlight_end":17}],"label":null,"suggested_replacement":null,"suggestion_applicability":null,"expansion":null},{"file_name":"src/filesystem.rs","byte_start":184,"byte_end":190,"line_start":6,"line_end":6,"column_start":27,"column_end":33,"is_primary":true,"text":[{"text":"use libc::{c_int, EACCES, EEXIST, ENOENT, ENOTEMPTY, EPERM};","highlight_start":27,"highlight_end":33}],"label":null,"suggested_replacement":null,"suggestion_applicability":null,"expansion":null},{"file_name":"src/filesystem.rs","byte_start":200,"byte_end":209,"line_start":6,"line_end":6,"column_start":43,"column_end":52,"is_primary":true,"text":[{"text":"use libc::{c_int, EACCES, EEXIST, ENOENT, ENOTEMPTY, EPERM};","highlight_start":43,"highlight_end":52}],"label":null,"suggested_replacement":null,"suggestion_applicability":null,"expansion":null},{"file_name":"src/filesystem.rs","byte_start":211,"byte_end":216,"line_start":6,"line_end":6,"column_start":54,"column_end":59,"is_primary":true,"text":[{"text":"use libc::{c_int, EACCES, EEXIST, ENOENT, ENOTEMPTY, EPERM};","highlight_start":54,"highlight_end":59}],"label":null,"suggested_replacement":null,"suggestion_applicability":null,"expansion":null}],"children":[{"message":"`#[warn(unused_imports)]` (part of `#[warn(unused)]`) on by default","code":null,"level":"note","spans":[],"children":[],"rendered":null},{"message":"remove the unused imports","code":null,"level":"help","spans":[{"file_name":"src/filesystem.rs","byte_start":169,"byte_end":176,"line_start":6,"line_end":6,"column_start":12,"column_end":19,"is_primary":true,"text":[{"text":"use libc::{c_int, EACCES, EEXIST, ENOENT, ENOTEMPTY, EPERM};","highlight_start":12,"highlight_end":19}],"label":null,"suggested_replacement":"","suggestion_applicability":"MachineApplicable","expansion":null},{"file_name":"src/filesystem.rs","byte_start":182,"byte_end":190,"line_start":6,"line_end":6,"column_start":25,"column_end":33,"is_primary":true,"text":[{"text":"use libc::{c_int, EACCES, EEXIST, ENOENT, ENOTEMPTY, EPERM};","highlight_start":25,"highlight_end":33}],"label":null,"suggested_replacement":"","suggestion_applicability":"MachineApplicable","expansion":null},{"file_name":"src/filesystem.rs","byte_start":198,"byte_end":216,"line_start":6,"line_end":6,"column_start":41,"column_end":59,"is_primary":true,"text":[{"text":"use libc::{c_int, EACCES, EEXIST, ENOENT, ENOTEMPTY, EPERM};","highlight_start":41,"highlight_end":59}],"label":null,"suggested_replacement":"","suggestion_applicability":"MachineApplicable","expansion":null}],"children":[],"rendered":null}],"rendered":"\u001b[1m\u001b[33mwarning\u001b[0m\u001b[1m: unused imports: `EEXIST`, `ENOTEMPTY`, `EPERM`, and `c_int`\u001b[0m\n \u001b[1m\u001b[94m--> \u001b[0msrc/filesystem.rs:6:12\n  \u001b[1m\u001b[94m|\u001b[0m\n\u001b[1m\u001b[94m6\u001b[0m \u001b[1m\u001b[94m|\u001b[0m \u001b[1m\u001b[94m...\u001b[0m::{c_int, EACCES, EEXIST, ENOENT, ENOTEMPTY, EPERM};\n  \u001b[1m\u001b[94m|\u001b[0m       \u001b[1m\u001b[33m^^^^^\u001b[0m          \u001b[1m\u001b[33m^^^^^^\u001b[0m          \u001b[1m\u001b[33m^^^^^^^^^\u001b[0m  \u001b[1m\u001b[33m^^^^^\u001b[0m\n  \u001b[1m\u001b[94m|\u001b[0m\n  \u001b[1m\u001b[94m= \u001b[0m\u001b[1mnote\u001b[0m: `#[warn(unused_imports)]` (part of `#[warn(unused)]`) on by default\n\n"}
{"$message_type":"diagnostic","message":"unused imports: `info` and `warn`","code":{"code":"unused_imports","explanation":null},"level":"warning","spans":[{"file_name":"src/filesystem.rs","byte_start":243,"byte_end":247,"line_start":7,"line_end":7,"column_start":25,"column_end":29,"is_primary":true,"text":[{"text":"use log::{debug, error, info, warn};","highlight_start":25,"highlight_end":29}],"label":null,"suggested_replacement":null,"suggestion_applicability":null,"expansion":null},{"file_name":"src/filesystem.rs","byte_start":249,"byte_end":253,"line_start":7,"line_end":7,"column_start":31,"column_end":35,"is_primary":true,"text":[{"text":"use log::{debug, error, info, warn};","highlight_start":31,"highlight_end":35}],"label":null,"suggested_replacement":null,"suggestion_applicability":null,"expansion":null}],"children":[{"message":"remove the unused imports","code":null,"level":"help","spans":[{"file_name":"src/filesystem.rs","byte_start":241,"byte_end":253,"line_start":7,"line_end":7,"column_start":23,"column_end":35,"is_primary":true,"text":[{"text":"use log::{debug, error, info, warn};","highlight_start":23,"highlight_end":35}],"label":null,"suggested_replacement":"","suggestion_applicability":"MachineApplicable","expansion":null}],"children":[],"rendered":null}],"rendered":"\u001b[1m\u001b[33mwarning\u001b[0m\u001b[1m: unused imports: `info` and `warn`\u001b[0m\n \u001b[1m\u001b[94m--> \u001b[0msrc/filesystem.rs:7:25\n  \u001b[1m\u001b[94m|\u001b[0m\n\u001b[1m\u001b[94m7\u001b[0m \u001b[1m\u001b[94m|\u001b[0m use log::{debug, error, info, warn};\n  \u001b[1m\u001b[94m|\u001b[0m                         \u001b[1m\u001b[33m^^^^\u001b[0m  \u001b[1m\u001b[33m^^^^\u001b[0m\n\n"}
{"$message_type":"diagnostic","message":"unused import: `SystemTime`","code":{"code":"unused_imports","explanation":null},"level":"warning","spans":[{"file_name":"src/filesystem.rs","byte_start":395,"byte_end":405,"line_start":12,"line_end":12,"column_start":27,"column_end":37,"is_primary":true,"text":[{"text":"use std::time::{Duration, SystemTime, UNIX_EPOCH};","highlight_start":27,"highlight_end":37}],"label":null,"suggested_replacement":null,"suggestion_applicability":null,"expansion":null}],"children":[{"message":"remove the unused import","code":null,"level":"help","spans":[{"file_name":"src/filesystem.rs","byte_start":393,"byte_end":405,"line_start":12,"line_end":12,"column_start":25,"column_end":37,"is_primary":true,"text":[{"text":"use std::time::{Duration, SystemTime, UNIX_EPOCH};","highlight_start":25,"highlight_end":37}],"label":null,"suggested_replacement":"","suggestion_applicability":"MachineApplicable","expansion":null}],"children":[],"rendered":null}],"rendered":"\u001b[1m\u001b[33mwarning\u001b[0m\u001b[1m: unused import: `SystemTime`\u001b[0m\n  \u001b[1m\u001b[94m--> \u001b[0msrc/filesystem.rs:12:27\n   \u001b[1m\u001b[94m|\u001b[0m\n\u001b[1m\u001b[94m12\u001b[0m \u001b[1m\u001b[94m|\u001b[0m use std::time::{Duration, SystemTime, UNIX_EPOCH};\n   \u001b[1m\u001b[94m|\u001b[0m                           \u001b[1m\u001b[33m^^^^^^^^^^\u001b[0m\n\n"}
{"$message_type":"diagnostic","message":"unused imports: `FtpFileInfo` and `FtpFsError`","code":{"code":"unused_imports","explanation":null},"level":"warning","spans":[{"file_name":"src/filesystem.rs","byte_start":453,"byte_end":464,"line_start":14,"line_end":14,"column_start":33,"column_end":44,"is_primary":true,"text":[{"text":"use crate::ftp::{FtpConnection, FtpFileInfo, FtpFsError};","highlight_start":33,"highlight_end":44}],"label":null,"suggested_replacement":null,"suggestion_applicability":null,"expansion":null},{"file_name":"src/filesystem.rs","byte_start":466,"byte_end":476,"line_start":14,"line_end":14,"column_start":46,"column_end":56,"is_primary":true,"text":[{"text":"use crate::ftp::{FtpConnection, FtpFileInfo, FtpFsError};","highlight_start":46,"highlight_end":56}],"label":null,"suggested_replacement":null,"suggestion_applicability":null,"expansion":null}],"children":[{"message":"remove the unused imports","code":null,"level":"help","spans":[{"file_name":"src/filesystem.rs","byte_start":451,"byte_end":476,"line_start":14,"line_end":14,"column_start":31,"column_end":56,"is_primary":true,"text":[{"text":"use crate::ftp::{FtpConnection, FtpFileInfo, FtpFsError};","highlight_start":31,"highlight_end":56}],"label":null,"suggested_replacement":"","suggestion_applicability":"MachineApplicable","expansion":null},{"file_name":"src/filesystem.rs","byte_start":437,"byte_end":438,"line_start":14,"line_end":14,"column_start":17,"column_end":18,"is_primary":true,"text":[{"text":"use crate::ftp::{FtpConnection, FtpFileInfo, FtpFsError};","highlight_start":17,"highlight_end":18}],"label":null,"suggested_replacement":"","suggestion_applicability":"MachineApplicable","expansion":null},{"file_name":"src/filesystem.rs","byte_start":476,"byte_end":477,"line_start":14,"line_end":14,"column_start":56,"column_end":57,"is_primary":true,"text":[{"text":"use crate::ftp::{FtpConnection, FtpFileInfo, FtpFsError};","highlight_start":56,"highlight_end":57}],"label":null,"suggested_replacement":"","suggestion_applicability":"MachineApplicable","expansion":null}],"children":[],"rendered":null}],"rendered":"\u001b[1m\u001b[33mwarning\u001b[0m\u001b[1m: unused imports: `FtpFileInfo` and `FtpFsError`\u001b[0m\n  \u001b[1m\u001b[94m--> \u001b[0msrc/filesystem.rs:14:33\n   \u001b[1m\u001b[94m|\u001b[0m\n\u001b[1m\u001b[94m14\u001b[0m \u001b[1m\u001b[94m|\u001b[0m \u001b[1m\u001b[94m...\u001b[0mpConnection, FtpFileInfo, FtpFsError};\n   \u001b[1m\u001b[94m|\u001b[0m                 \u001b[1m\u001b[33m^^^^^^^^^^^\u001b[0m  \u001b[1m\u001b[33m^^^^^^^^^^\u001b[0m\n\n"}
{"$message_type":"diagnostic","message":"method `getattr` has 4 parameters but the declaration in trait `getattr` has 5","code":{"code":"E0050","explanation":"An attempted implementation of a trait method has the wrong number of function\nparameters.\n\nErroneous code example:\n\n```compile_fail,E0050\ntrait Foo {\n    fn foo(&self, x: u8) -> bool;\n}\n\nstruct Bar;\n\n// error: method `foo` has 1 parameter but the declaration in trait `Foo::foo`\n// has 2\nimpl Foo for Bar {\n    fn foo(&self) -> bool { true }\n}\n```\n\nFor example, the `Foo` trait has a method `foo` with two function parameters\n(`&self` and `u8`), but the implementation of `foo` for the type `Bar` omits\nthe `u8` parameter. To fix this error, they must have the same parameters:\n\n```\ntrait Foo {\n    fn foo(&self, x: u8) -> bool;\n}\n\nstruct Bar;\n\nimpl Foo for Bar {\n    fn foo(&self, x: u8) -> bool { // ok!\n        true\n    }\n}\n```\n"},"level":"error","spans":[{"file_name":"src/filesystem.rs","byte_start":7519,"byte_end":7572,"line_start":230,"line_end":230,"column_start":16,"column_end":69,"is_primary":true,"text":[{"text":"    fn getattr(&mut self, _req: &Request, ino: u64, reply: ReplyAttr) {","highlight_start":16,"highlight_end":69}],"label":"expected 5 parameters, found 4","suggested_replacement":null,"suggestion_applicability":null,"expansion":null}],"children":[{"message":"`getattr` from trait: `fn(&mut Self, &fuser::Request<'_>, u64, Option<u64>, ReplyAttr)`","code":null,"level":"note","spans":[],"children":[],"rendered":null}],"rendered":"\u001b[1m\u001b[91merror[E0050]\u001b[0m\u001b[1m: method `getattr` has 4 parameters but the declaration in trait `getattr` has 5\u001b[0m\n   \u001b[1m\u001b[94m--> \u001b[0msrc/filesystem.rs:230:16\n    \u001b[1m\u001b[94m|\u001b[0m\n\u001b[1m\u001b[94m230\u001b[0m \u001b[1m\u001b[94m|\u001b[0m \u001b[1m\u001b[94m...\u001b[0mtr(&mut self, _req: &Request, ino: u64, reply: ReplyAttr) {\n    \u001b[1m\u001b[94m|\u001b[0m       \u001b[1m\u001b[91m^^^^^^^^^^^^^^^^^^^^^^^^^^^^^^^^^^^^^^^^^^^^^^^^^^^^^\u001b[0m \u001b[1m\u001b[91mexpected 5 parameters, found 4\u001b[0m\n    \u001b[1m\u001b[94m|\u001b[0m\n    \u001b[1m\u001b[94m= \u001b[0m\u001b[1mnote\u001b[0m: `getattr` from trait: `\u001b[1m\u001b[35mfn(&mut Self, &fuser::Request<'_>, u64, Option<u64>, ReplyAttr)\u001b[0m`\n\n"}
{"$message_type":"diagnostic","message":"method `read` has 7 parameters but the declaration in trait `fuser::Filesystem::read` has 9","code":{"code":"E0050","explanation":"An attempted implementation of a trait method has the wrong number of function\nparameters.\n\nErroneous code example:\n\n```compile_fail,E0050\ntrait Foo {\n    fn foo(&self, x: u8) -> bool;\n}\n\nstruct Bar;\n\n// error: method `foo` has 1 parameter but the declaration in trait `Foo::foo`\n// has 2\nimpl Foo for Bar {\n    fn foo(&self) -> bool { true }\n}\n```\n\nFor example, the `Foo` trait has a method `foo` with two function parameters\n(`&self` and `u8`), but the implementation of `foo` for the type `Bar` omits\nthe `u8` parameter. To fix this error, they must have the same parameters:\n\n```\ntrait Foo {\n    fn foo(&self, x: u8) -> bool;\n}\n\nstruct Bar;\n\nimpl Foo for Bar {\n    fn foo(&self, x: u8) -> bool { // ok!\n        true\n    }\n}\n```\n"},"level":"error","spans":[{"file_name":"src/filesystem.rs","byte_start":8520,"byte_end":8606,"line_start":261,"line_end":261,"column_start":13,"column_end":99,"is_primary":true,"text":[{"text":"    fn read(&mut self, _req: &Request, ino: u64, fh: u64, offset: i64, size: u32, reply: ReplyData) {","highlight_start":13,"highlight_end":99}],"label":"expected 9 parameters, found 7","suggested_replacement":null,"suggestion_applicability":null,"expansion":null}],"children":[{"message":"`read` from trait: `fn(&mut Self, &fuser::Request<'_>, u64, u64, i64, u32, i32, Option<u64>, ReplyData)`","code":null,"level":"note","spans":[],"children":[],"rendered":null}],"rendered":"\u001b[1m\u001b[91merror[E0050]\u001b[0m\u001b[1m: method `read` has 7 parameters but the declaration in trait `fuser::Filesystem::read` has 9\u001b[0m\n   \u001b[1m\u001b[94m--> \u001b[0msrc/filesystem.rs:261:13\n    \u001b[1m\u001b[94m|\u001b[0m\n\u001b[1m\u001b[94m261\u001b[0m \u001b[1m\u001b[94m|\u001b[0m \u001b[1m\u001b[94m...\u001b[0mad(&mut self, _req: &Request, ino: u64, fh: u64, offset: i64, size: u32, reply: ReplyData) {\n    \u001b[1m\u001b[94m|\u001b[0m       \u001b[1m\u001b[91m^^^^^^^^^^^^^^^^^^^^^^^^^^^^^^^^^^^^^^^^^^^^^^^^^^^^^^^^^^^^^^^^^^^^^^^^^^^^^^^^^^^^^^\u001b[0m \u001b[1m\u001b[91mexpected 9 parameters, found 7\u001b[0m\n    \u001b[1m\u001b[94m|\u001b[0m\n    \u001b[1m\u001b[94m= \u001b[0m\u001b[1mnote\u001b[0m: `read` from trait: `\u001b[1m\u001b[35mfn(&mut Self, &fuser::Request<'_>, u64, u64, i64, u32, i32, Option<u64>, ReplyData)\u001b[0m`\n\n"}
{"$message_type":"diagnostic","message":"method `write` has 7 parameters but the declaration in trait `fuser::Filesystem::write` has 10","code":{"code":"E0050","explanation":"An attempted implementation of a trait method has the wrong number of function\nparameters.\n\nErroneous code example:\n\n```compile_fail,E0050\ntrait Foo {\n    fn foo(&self, x: u8) -> bool;\n}\n\nstruct Bar;\n\n// error: method `foo` has 1 parameter but the declaration in trait `Foo::foo`\n// has 2\nimpl Foo for Bar {\n    fn foo(&self) -> bool { true }\n}\n```\n\nFor example, the `Foo` trait has a method `foo` with two function parameters\n(`&self` and `u8`), but the implementation of `foo` for the type `Bar` omits\nthe `u8` parameter. To fix this error, they must have the same parameters:\n\n```\ntrait Foo {\n    fn foo(&self, x: u8) -> bool;\n}\n\nstruct Bar;\n\nimpl Foo for Bar {\n    fn foo(&self, x: u8) -> bool { // ok!\n        true\n    }\n}\n```\n"},"level":"error","spans":[{"file_name":"src/filesystem.rs","byte_start":10030,"byte_end":10119,"line_start":305,"line_end":305,"column_start":14,"column_end":103,"is_primary":true,"text":[{"text":"    fn write(&mut self, _req: &Request, ino: u64, fh: u64, offset: i64, data: &[u8], reply: ReplyWrite) {","highlight_start":14,"highlight_end":103}],"label":"expected 10 parameters, found 7","suggested_replacement":null,"suggestion_applicability":null,"expansion":null}],"children":[{"message":"`write` from trait: `fn(&mut Self, &fuser::Request<'_>, u64, u64, i64, &[u8], u32, i32, Option<u64>, ReplyWrite)`","code":null,"level":"note","spans":[],"children":[],"rendered":null}],"rendered":"\u001b[1m\u001b[91merror[E0050]\u001b[0m\u001b[1m: method `write` has 7 parameters but the declaration in trait `fuser::Filesystem::write` has 10\u001b[0m\n   \u001b[1m\u001b[94m--> \u001b[0msrc/filesystem.rs:305:14\n    \u001b[1m\u001b[94m|\u001b[0m\n\u001b[1m\u001b[94m305\u001b[0m \u001b[1m\u001b[94m|\u001b[0m \u001b[1m\u001b[94m...\u001b[0mte(&mut self, _req: &Request, ino: u64, fh: u64, offset: i64, data: &[u8], reply: ReplyWrite) {\n    \u001b[1m\u001b[94m|\u001b[0m       \u001b[1m\u001b[91m^^^^^^^^^^^^^^^^^^^^^^^^^^^^^^^^^^^^^^^^^^^^^^^^^^^^^^^^^^^^^^^^^^^^^^^^^^^^^^^^^^^^^^^^^\u001b[0m \u001b[1m\u001b[91mexpected 10 parameters, found 7\u001b[0m\n    \u001b[1m\u001b[94m|\u001b[0m\n    \u001b[1m\u001b[94m= \u001b[0m\u001b[1mnote\u001b[0m: `write` from trait: `\u001b[1m\u001b[35mfn(&mut Self, &fuser::Request<'_>, u64, u64, i64, &[u8], u32, i32, Option<u64>, ReplyWrite)\u001b[0m`\n\n"}
{"$message_type":"diagnostic","message":"method `mkdir` has 6 parameters but the declaration in trait `fuser::Filesystem::mkdir` has 7","code":{"code":"E0050","explanation":"An attempted implementation of a trait method has the wrong number of function\nparameters.\n\nErroneous code example:\n\n```compile_fail,E0050\ntrait Foo {\n    fn foo(&self, x: u8) -> bool;\n}\n\nstruct Bar;\n\n// error: method `foo` has 1 parameter but the declaration in trait `Foo::foo`\n// has 2\nimpl Foo for Bar {\n    fn foo(&self) -> bool { true }\n}\n```\n\nFor example, the `Foo` trait has a method `foo` with two function parameters\n(`&self` and `u8`), but the implementation of `foo` for the type `Bar` omits\nthe `u8` parameter. To fix this error, they must have the same parameters:\n\n```\ntrait Foo {\n    fn foo(&self, x: u8) -> bool;\n}\n\nstruct Bar;\n\nimpl Foo for Bar {\n    fn foo(&self, x: u8) -> bool { // ok!\n        true\n    }\n}\n```\n"},"level":"error","spans":[{"file_name":"src/filesystem.rs","byte_start":12042,"byte_end":12124,"line_start":365,"line_end":365,"column_start":14,"column_end":96,"is_primary":true,"text":[{"text":"    fn mkdir(&mut self, _req: &Request, parent: u64, name: &OsStr, mode: u32, reply: ReplyEntry) {","highlight_start":14,"highlight_end":96}],"label":"expected 7 parameters, found 6","suggested_replacement":null,"suggestion_applicability":null,"expansion":null}],"children":[{"message":"`mkdir` from trait: `fn(&mut Self, &fuser::Request<'_>, u64, &OsStr, u32, u32, ReplyEntry)`","code":null,"level":"note","spans":[],"children":[],"rendered":null}],"rendered":"\u001b[1m\u001b[91merror[E0050]\u001b[0m\u001b[1m: method `mkdir` has 6 parameters but the declaration in trait `fuser::Filesystem::mkdir` has 7\u001b[0m\n   \u001b[1m\u001b[94m--> \u001b[0msrc/filesystem.rs:365:14\n    \u001b[1m\u001b[94m|\u001b[0m\n\u001b[1m\u001b[94m365\u001b[0m \u001b[1m\u001b[94m|\u001b[0m \u001b[1m\u001b[94m...\u001b[0mir(&mut self, _req: &Request, parent: u64, name: &OsStr, mode: u32, reply: ReplyEntry) {\n    \u001b[1m\u001b[94m|\u001b[0m       \u001b[1m\u001b[91m^^^^^^^^^^^^^^^^^^^^^^^^^^^^^^^^^^^^^^^^^^^^^^^^^^^^^^^^^^^^^^^^^^^^^^^^^^^^^^^^^^\u001b[0m \u001b[1m\u001b[91mexpected 7 parameters, found 6\u001b[0m\n    \u001b[1m\u001b[94m|\u001b[0m\n    \u001b[1m\u001b[94m= \u001b[0m\u001b[1mnote\u001b[0m: `mkdir` from trait: `\u001b[1m\u001b[35mfn(&mut Self, &fuser::Request<'_>, u64, &OsStr, u32, u32, ReplyEntry)\u001b[0m`\n\n"}
{"$message_type":"diagnostic","message":"method `rename` has 7 parameters but the declaration in trait `fuser::Filesystem::rename` has 8","code":{"code":"E0050","explanation":"An attempted implementation of a trait method has the wrong number of function\nparameters.\n\nErroneous code example:\n\n```compile_fail,E0050\ntrait Foo {\n    fn foo(&self, x: u8) -> bool;\n}\n\nstruct Bar;\n\n// error: method `foo` has 1 parameter but the declaration in trait `Foo::foo`\n// has 2\nimpl Foo for Bar {\n    fn foo(&self) -> bool { true }\n}\n```\n\nFor example, the `Foo` trait has a method `foo` with two function parameters\n(`&self` and `u8`), but the implementation of `foo` for the type `Bar` omits\nthe `u8` parameter. To fix this error, they must have the same parameters:\n\n```\ntrait Foo {\n    fn foo(&self, x: u8) -> bool;\n}\n\nstruct Bar;\n\nimpl Foo for Bar {\n    fn foo(&self, x: u8) -> bool { // ok!\n        true\n    }\n}\n```\n"},"level":"error","spans":[{"file_name":"src/filesystem.rs","byte_start":16330,"byte_end":16489,"line_start":485,"line_end":491,"column_start":9,"column_end":33,"is_primary":true,"text":[{"text":"        &mut self,","highlight_start":9,"highlight_end":19},{"text":"        _req: &Request,","highlight_start":1,"highlight_end":24},{"text":"        parent: u64,","highlight_start":1,"highlight_end":21},{"text":"        name: &OsStr,","highlight_start":1,"highlight_end":22},{"text":"        newparent: u64,","highlight_start":1,"highlight_end":24},{"text":"        newname: &OsStr,","highlight_start":1,"highlight_end":25},{"text":"        reply: fuser::ReplyEmpty,","highlight_start":1,"highlight_end":33}],"label":"expected 8 parameters, found 7","suggested_replacement":null,"suggestion_applicability":null,"expansion":null}],"children":[{"message":"`rename` from trait: `fn(&mut Self, &fuser::Request<'_>, u64, &OsStr, u64, &OsStr, u32, ReplyEmpty)`","code":null,"level":"note","spans":[],"children":[],"rendered":null}],"rendered":"\u001b[1m\u001b[91merror[E0050]\u001b[0m\u001b[1m: method `rename` has 7 parameters but the declaration in trait `fuser::Filesystem::rename` has 8\u001b[0m\n   \u001b[1m\u001b[94m--> \u001b[0msrc/filesystem.rs:485:9\n    \u001b[1m\u001b[94m|\u001b[0m\n\u001b[1m\u001b[94m485\u001b[0m \u001b[1m\u001b[94m|\u001b[0m \u001b[1m\u001b[91m/\u001b[0m         &mut self,\n\u001b[1m\u001b[94m486\u001b[0m \u001b[1m\u001b[94m|\u001b[0m \u001b[1m\u001b[91m|\u001b[0m         _req: &Request,\n\u001b[1m\u001b[94m487\u001b[0m \u001b[1m\u001b[94m|\u001b[0m \u001b[1m\u001b[91m|\u001b[0m         parent: u64,\n\u001b[1m\u001b[94m488\u001b[0m \u001b[1m\u001b[94m|\u001b[0m \u001b[1m\u001b[91m|\u001b[0m         name: &OsStr,\n\u001b[1m\u001b[94m489\u001b[0m \u001b[1m\u001b[94m|\u001b[0m \u001b[1m\u001b[91m|\u001b[0m         newparent: u64,\n\u001b[1m\u001b[94m490\u001b[0m \u001b[1m\u001b[94m|\u001b[0m \u001b[1m\u001b[91m|\u001b[0m         newname: &OsStr,\n\u001b[1m\u001b[94m491\u001b[0m \u001b[1m\u001b[94m|\u001b[0m \u001b[1m\u001b[91m|\u001b[0m         reply: fuser::ReplyEmpty,\n    \u001b[1m\u001b[94m|\u001b[0m \u001b[1m\u001b[91m|________________________________^\u001b[0m \u001b[1m\u001b[91mexpected 8 parameters, found 7\u001b[0m\n    \u001b[1m\u001b[94m|\u001b[0m\n    \u001b[1m\u001b[94m= \u001b[0m\u001b[1mnote\u001b[0m: `rename` from trait: `\u001b[1m\u001b[35mfn(&mut Self, &fuser::Request<'_>, u64, &OsStr, u64, &OsStr, u32, ReplyEmpty)\u001b[0m`\n\n"}
{"$message_type":"diagnostic","message":"method `create` has an incompatible type for trait","code":{"code":"E0053","explanation":"The parameters of any trait method must match between a trait implementation\nand the trait definition.\n\nErroneous code example:\n\n```compile_fail,E0053\ntrait Foo {\n    fn foo(x: u16);\n    fn bar(&self);\n}\n\nstruct Bar;\n\nimpl Foo for Bar {\n    // error, expected u16, found i16\n    fn foo(x: i16) { }\n\n    // error, types differ in mutability\n    fn bar(&mut self) { }\n}\n```\n"},"level":"error","spans":[{"file_name":"src/filesystem.rs","byte_start":18438,"byte_end":18448,"line_start":551,"line_end":551,"column_start":16,"column_end":26,"is_primary":true,"text":[{"text":"        reply: ReplyEntry,","highlight_start":16,"highlight_end":26}],"label":"expected `ReplyCreate`, found `ReplyEntry`","suggested_replacement":null,"suggestion_applicability":null,"expansion":null}],"children":[{"message":"expected signature `fn(&mut FtpFs, &fuser::Request<'_>, _, &OsStr, _, _, _, ReplyCreate)`\n   found signature `fn(&mut FtpFs, &fuser::Request<'_>, _, &OsStr, _, _, _, ReplyEntry)`","code":null,"level":"note","spans":[],"children":[],"rendered":null},{"message":"change the parameter type to match the trait","code":null,"level":"help","spans":[{"file_name":"src/filesystem.rs","byte_start":18438,"byte_end":18448,"line_start":551,"line_end":551,"column_start":16,"column_end":26,"is_primary":true,"text":[{"text":"        reply: ReplyEntry,","highlight_start":16,"highlight_end":26}],"label":null,"suggested_replacement":"ReplyCreate","suggestion_applicability":"MachineApplicable","expansion":null}],"children":[],"rendered":null}],"rendered":"\u001b[1m\u001b[91merror[E0053]\u001b[0m\u001b[1m: method `create` has an incompatible type for trait\u001b[0m\n   \u001b[1m\u001b[94m--> \u001b[0msrc/filesystem.rs:551:16\n    \u001b[1m\u001b[94m|\u001b[0m\n\u001b[1m\u001b[94m551\u001b[0m \u001b[1m\u001b[94m|\u001b[0m         reply: ReplyEntry,\n    \u001b[1m\u001b[94m|\u001b[0m                \u001b[1m\u001b[91m^^^^^^^^^^\u001b[0m \u001b[1m\u001b[91mexpected `ReplyCreate`, found `ReplyEntry`\u001b[0m\n    \u001b[1m\u001b[94m|\u001b[0m\n    \u001b[1m\u001b[94m= \u001b[0m\u001b[1mnote\u001b[0m: expected signature `fn(&mut FtpFs, &fuser::Request<\u001b[1m\u001b[35m'_\u001b[0m>, _, &OsStr, _, _, _, \u001b[1m\u001b[35mReplyCreate\u001b[0m)`\n               found signature `fn(&mut FtpFs, &fuser::Request<\u001b[1m\u001b[35m'_\u001b[0m>, _, &OsStr, _, _, _, \u001b[1m\u001b[35mReplyEntry\u001b[0m)`\n\u001b[1m\u001b[96mhelp\u001b[0m: change the parameter type to match the trait\n    \u001b[1m\u001b[94m|\u001b[0m\n\u001b[1m\u001b[94m551\u001b[0m \u001b[91m- \u001b[0m        reply: \u001b[91mReplyEntry\u001b[0m,\n\u001b[1m\u001b[94m551\u001b[0m \u001b[92m+ \u001b[0m        reply: \u001b[92mReplyCreate\u001b[0m,\n    \u001b[1m\u001b[94m|\u001b[0m\n\n"}
{"$message_type":"diagnostic","message":"no method named `posix_permissions` found for struct `suppaftp::list::File` in the current scope","code":{"code":"E0599","explanation":"This error occurs when a method is used on a type which doesn't implement it:\n\nErroneous code example:\n\n```compile_fail,E0599\nstruct Mouth;\n\nlet x = Mouth;\nx.chocolate(); // error: no method named `chocolate` found for type `Mouth`\n               //        in the current scope\n```\n\nIn this case, you need to implement the `chocolate` method to fix the error:\n\n```\nstruct Mouth;\n\nimpl Mouth {\n    fn chocolate(&self) { // We implement the `chocolate` method here.\n        println!(\"Hmmm! I love chocolate!\");\n    }\n}\n\nlet x = Mouth;\nx.chocolate(); // ok!\n```\n"},"level":"error","spans":[{"file_name":"src/ftp.rs","byte_start":1430,"byte_end":1447,"line_start":55,"line_end":55,"column_start":47,"column_end":64,"is_primary":true,"text":[{"text":"            permissions: format!(\"{:?}\", file.posix_permissions()),","highlight_start":47,"highlight_end":64}],"label":"method not found in `suppaftp::list::File`","suggested_replacement":null,"suggestion_applicability":null,"expansion":null}],"children":[],"rendered":"\u001b[1m\u001b[91merror[E0599]\u001b[0m\u001b[1m: no method named `posix_permissions` found for struct `suppaftp::list::File` in the current scope\u001b[0m\n  \u001b[1m\u001b[94m--> \u001b[0msrc/ftp.rs:55:47\n   \u001b[1m\u001b[94m|\u001b[0m\n\u001b[1m\u001b[94m55\u001b[0m \u001b[1m\u001b[94m|\u001b[0m \u001b[1m\u001b[94m...\u001b[0m\"{:?}\", file.posix_permissions()),\n   \u001b[1m\u001b[94m|\u001b[0m                 \u001b[1m\u001b[91m^^^^^^^^^^^^^^^^^\u001b[0m \u001b[1m\u001b[91mmethod not found in `suppaftp::list::File`\u001b[0m\n\n"}
{"$message_type":"diagnostic","message":"no function or associated item named `default` found for struct `NativeTlsConnector` in the current scope","code":{"code":"E0599","explanation":"This error occurs when a method is used on a type which doesn't implement it:\n\nErroneous code example:\n\n```compile_fail,E0599\nstruct Mouth;\n\nlet x = Mouth;\nx.chocolate(); // error: no method named `chocolate` found for type `Mouth`\n               //        in the current scope\n```\n\nIn this case, you need to implement the `chocolate` method to fix the error:\n\n```\nstruct Mouth;\n\nimpl Mouth {\n    fn chocolate(&self) { // We implement the `chocolate` method here.\n        println!(\"Hmmm! I love chocolate!\");\n    }\n}\n\nlet x = Mouth;\nx.chocolate(); // ok!\n```\n"},"level":"error","spans":[{"file_name":"src/ftp.rs","byte_start":2099,"byte_end":2106,"line_start":82,"line_end":82,"column_start":53,"column_end":60,"is_primary":true,"text":[{"text":"            let tls_connector = NativeTlsConnector::default();","highlight_start":53,"highlight_end":60}],"label":"function or associated item not found in `NativeTlsConnector`","suggested_replacement":null,"suggestion_applicability":null,"expansion":null}],"children":[],"rendered":"\u001b[1m\u001b[91merror[E0599]\u001b[0m\u001b[1m: no function or associated item named `default` found for struct `NativeTlsConnector` in the current scope\u001b[0m\n  \u001b[1m\u001b[94m--> \u001b[0msrc/ftp.rs:82:53\n   \u001b[1m\u001b[94m|\u001b[0m\n\u001b[1m\u001b[94m82\u001b[0m \u001b[1m\u001b[94m|\u001b[0m \u001b[1m\u001b[94m...\u001b[0miveTlsConnector::default();\n   \u001b[1m\u001b[94m|\u001b[0m                     \u001b[1m\u001b[91m^^^^^^^\u001b[0m \u001b[1m\u001b[91mfunction or associated item not found in `NativeTlsConnector`\u001b[0m\n\n"}
{"$message_type":"diagnostic","message":"mismatched types","code":{"code":"E0308","explanation":"Expected type did not match the received type.\n\nErroneous code examples:\n\n```compile_fail,E0308\nfn plus_one(x: i32) -> i32 {\n    x + 1\n}\n\nplus_one(\"Not a number\");\n//       ^^^^^^^^^^^^^^ expected `i32`, found `&str`\n\nif \"Not a bool\" {\n// ^^^^^^^^^^^^ expected `bool`, found `&str`\n}\n\nlet x: f32 = \"Not a float\";\n//     ---   ^^^^^^^^^^^^^ expected `f32`, found `&str`\n//     |\n//     expected due to this\n```\n\nThis error occurs when an expression was used in a place where the compiler\nexpected an expression of a different type. It can occur in several cases, the\nmost common being when calling a function and passing an argument which has a\ndifferent type than the matching type in the function declaration.\n"},"level":"error","spans":[{"file_name":"src/ftp.rs","byte_start":4016,"byte_end":4045,"line_start":141,"line_end":141,"column_start":13,"column_end":42,"is_primary":true,"text":[{"text":"            ftp.retr_as_buffer(&path_str)","highlight_start":13,"highlight_end":42}],"label":"expected `Result<_, Error>`, found `Result<Cursor<Vec<u8>>, FtpError>`","suggested_replacement":null,"suggestion_applicability":null,"expansion":null}],"children":[{"message":"expected enum `Result<_, anyhow::Error>`\n   found enum `Result<std::io::Cursor<Vec<u8>>, FtpError>`","code":null,"level":"note","spans":[],"children":[],"rendered":null},{"message":"use `?` to coerce and return an appropriate `Err`, and wrap the resulting value in `Ok` so the expression remains of type `Result`","code":null,"level":"help","spans":[{"file_name":"src/ftp.rs","byte_start":4016,"byte_end":4016,"line_start":141,"line_end":141,"column_start":13,"column_end":13,"is_primary":true,"text":[{"text":"            ftp.retr_as_buffer(&path_str)","highlight_start":13,"highlight_end":13}],"label":null,"suggested_replacement":"Ok(","suggestion_applicability":"MaybeIncorrect","expansion":null},{"file_name":"src/ftp.rs","byte_start":4045,"byte_end":4045,"line_start":141,"line_end":141,"column_start":42,"column_end":42,"is_primary":true,"text":[{"text":"            ftp.retr_as_buffer(&path_str)","highlight_start":42,"highlight_end":42}],"label":null,"suggested_replacement":"?)","suggestion_applicability":"MaybeIncorrect","expansion":null}],"children":[],"rendered":null}],"rendered":"\u001b[1m\u001b[91merror[E0308]\u001b[0m\u001b[1m: mismatched types\u001b[0m\n   \u001b[1m\u001b[94m--> \u001b[0msrc/ftp.rs:141:13\n    \u001b[1m\u001b[94m|\u001b[0m\n\u001b[1m\u001b[94m141\u001b[0m \u001b[1m\u001b[94m|\u001b[0m             ftp.retr_as_buffer(&path_str)\n    \u001b[1m\u001b[94m|\u001b[0m             \u001b[1m\u001b[91m^^^^^^^^^^^^^^^^^^^^^^^^^^^^^\u001b[0m \u001b[1m\u001b[91mexpected `Result<_, Error>`, found `Result<Cursor<Vec<u8>>, FtpError>`\u001b[0m\n    \u001b[1m\u001b[94m|\u001b[0m\n    \u001b[1m\u001b[94m= \u001b[0m\u001b[1mnote\u001b[0m: expected enum `Result<\u001b[1m\u001b[35m_\u001b[0m, \u001b[1m\u001b[35manyhow::Error\u001b[0m>`\n               found enum `Result<\u001b[1m\u001b[35mstd::io::Cursor<Vec<u8>>\u001b[0m, \u001b[1m\u001b[35mFtpError\u001b[0m>`\n\u001b[1m\u001b[96mhelp\u001b[0m: use `?` to coerce and return an appropriate `Err`, and wrap the resulting value in `Ok` so the expression remains of type `Result`\n    \u001b[1m\u001b[94m|\u001b[0m\n\u001b[1m\u001b[94m141\u001b[0m \u001b[1m\u001b[94m| \u001b[0m            \u001b[92mOk(\u001b[0mftp.retr_as_buffer(&path_str)\u001b[92m?)\u001b[0m\n    \u001b[1m\u001b[94m|\u001b[0m             \u001b[92m+++\u001b[0m                             \u001b[92m++\u001b[0m\n\n"}
{"$message_type":"diagnostic","message":"type annotations needed for `Result<_, anyhow::Error>`","code":{"code":"E0282","explanation":"The compiler could not infer a type and asked for a type annotation.\n\nErroneous code example:\n\n```compile_fail,E0282\nlet x = Vec::new();\n```\n\nThis error indicates that type inference did not result in one unique possible\ntype, and extra information is required. In most cases this can be provided\nby adding a type annotation. Sometimes you need to specify a generic type\nparameter manually.\n\nIn the example above, type `Vec` has a type parameter `T`. When calling\n`Vec::new`, barring any other later usage of the variable `x` that allows the\ncompiler to infer what type `T` is, the compiler needs to be told what it is.\n\nThe type can be specified on the variable:\n\n```\nlet x: Vec<i32> = Vec::new();\n```\n\nThe type can also be specified in the path of the expression:\n\n```\nlet x = Vec::<i32>::new();\n```\n\nIn cases with more complex types, it is not necessary to annotate the full\ntype. Once the ambiguity is resolved, the compiler can infer the rest:\n\n```\nlet x: Vec<_> = \"hello\".chars().rev().collect();\n```\n\nAnother way to provide the compiler with enough information, is to specify the\ngeneric type parameter:\n\n```\nlet x = \"hello\".chars().rev().collect::<Vec<char>>();\n```\n\nAgain, you need not specify the full type if the compiler can infer it:\n\n```\nlet x = \"hello\".chars().rev().collect::<Vec<_>>();\n```\n\nApart from a method or function with a generic type parameter, this error can\noccur when a type parameter of a struct or trait cannot be inferred. In that\ncase it is not always possible to use a type annotation, because all candidates\nhave the same return type. For instance:\n\n```compile_fail,E0282\nstruct Foo<T> {\n    num: T,\n}\n\nimpl<T> Foo<T> {\n    fn bar() -> i32 {\n        0\n    }\n\n    fn baz() {\n        let number = Foo::bar();\n    }\n}\n```\n\nThis will fail because the compiler does not know which instance of `Foo` to\ncall `bar` on. Change `Foo::bar()` to `Foo::<T>::bar()` to resolve the error.\n"},"level":"error","spans":[{"file_name":"src/ftp.rs","byte_start":4109,"byte_end":4113,"line_start":145,"line_end":145,"column_start":28,"column_end":32,"is_primary":false,"text":[{"text":"            Ok(data) => Ok(data.into_inner()),","highlight_start":28,"highlight_end":32}],"label":"type must be known at this point","suggested_replacement":null,"suggestion_applicability":null,"expansion":null},{"file_name":"src/ftp.rs","byte_start":3966,"byte_end":3972,"line_start":140,"line_end":140,"column_start":13,"column_end":19,"is_primary":true,"text":[{"text":"        let result = self.with_ftp_stream(|ftp| {","highlight_start":13,"highlight_end":19}],"label":null,"suggested_replacement":null,"suggestion_applicability":null,"expansion":null}],"children":[{"message":"consider giving `result` an explicit type, where the placeholders `_` are specified","code":null,"level":"help","spans":[{"file_name":"src/ftp.rs","byte_start":3972,"byte_end":3972,"line_start":140,"line_end":140,"column_start":19,"column_end":19,"is_primary":true,"text":[{"text":"        let result = self.with_ftp_stream(|ftp| {","highlight_start":19,"highlight_end":19}],"label":null,"suggested_replacement":": Result<R, _>","suggestion_applicability":"HasPlaceholders","expansion":null}],"children":[],"rendered":null}],"rendered":"\u001b[1m\u001b[91merror[E0282]\u001b[0m\u001b[1m: type annotations needed for `Result<_, anyhow::Error>`\u001b[0m\n   \u001b[1m\u001b[94m--> \u001b[0msrc/ftp.rs:140:13\n    \u001b[1m\u001b[94m|\u001b[0m\n\u001b[1m\u001b[94m140\u001b[0m \u001b[1m\u001b[94m|\u001b[0m         let result = self.with_ftp_stream(|ftp| {\n    \u001b[1m\u001b[94m|\u001b[0m             \u001b[1m\u001b[91m^^^^^^\u001b[0m\n\u001b[1m\u001b[94m...\u001b[0m\n\u001b[1m\u001b[94m145\u001b[0m \u001b[1m\u001b[94m|\u001b[0m             Ok(data) => Ok(data.into_inner()),\n    \u001b[1m\u001b[94m|\u001b[0m                            \u001b[1m\u001b[94m----\u001b[0m \u001b[1m\u001b[94mtype must be known at this point\u001b[0m\n    \u001b[1m\u001b[94m|\u001b[0m\n\u001b[1m\u001b[96mhelp\u001b[0m: consider giving `result` an explicit type, where the placeholders `_` are specified\n    \u001b[1m\u001b[94m|\u001b[0m\n\u001b[1m\u001b[94m140\u001b[0m \u001b[1m\u001b[94m| \u001b[0m        let result\u001b[92m: Result<R, _>\u001b[0m = self.with_ftp_stream(|ftp| {\n    \u001b[1m\u001b[94m|\u001b[0m                   \u001b[92m++++++++++++++\u001b[0m\n\n"}
{"$message_type":"diagnostic","message":"mismatched types","code":{"code":"E0308","explanation":"Expected type did not match the received type.\n\nErroneous code examples:\n\n```compile_fail,E0308\nfn plus_one(x: i32) -> i32 {\n    x + 1\n}\n\nplus_one(\"Not a number\");\n//       ^^^^^^^^^^^^^^ expected `i32`, found `&str`\n\nif \"Not a bool\" {\n// ^^^^^^^^^^^^ expected `bool`, found `&str`\n}\n\nlet x: f32 = \"Not a float\";\n//     ---   ^^^^^^^^^^^^^ expected `f32`, found `&str`\n//     |\n//     expected due to this\n```\n\nThis error occurs when an expression was used in a place where the compiler\nexpected an expression of a different type. It can occur in several cases, the\nmost common being when calling a function and passing an argument which has a\ndifferent type than the matching type in the function declaration.\n"},"level":"error","spans":[{"file_name":"src/ftp.rs","byte_start":4631,"byte_end":4637,"line_start":159,"line_end":159,"column_start":37,"column_end":43,"is_primary":true,"text":[{"text":"            ftp.put_file(&path_str, cursor)","highlight_start":37,"highlight_end":43}],"label":"expected `&mut _`, found `Cursor<Vec<u8>>`","suggested_replacement":null,"suggestion_applicability":null,"expansion":null},{"file_name":"src/ftp.rs","byte_start":4611,"byte_end":4619,"line_start":159,"line_end":159,"column_start":17,"column_end":25,"is_primary":false,"text":[{"text":"            ftp.put_file(&path_str, cursor)","highlight_start":17,"highlight_end":25}],"label":"arguments to this method are incorrect","suggested_replacement":null,"suggestion_applicability":null,"expansion":null}],"children":[{"message":"expected mutable reference `&mut _`\n              found struct `std::io::Cursor<Vec<u8>>`","code":null,"level":"note","spans":[],"children":[],"rendered":null},{"message":"method defined here","code":null,"level":"note","spans":[{"file_name":"/home/rafa/.cargo/registry/src/index.crates.io-1949cf8c6b5b557f/suppaftp-6.3.0/src/sync_ftp/mod.rs","byte_start":20272,"byte_end":20280,"line_start":500,"line_end":500,"column_start":12,"column_end":20,"is_primary":true,"text":[{"text":"    pub fn put_file<S: AsRef<str>, R: Read>(&mut self, filename: S, r: &mut R) -> FtpResult<u64> {","highlight_start":12,"highlight_end":20}],"label":null,"suggested_replacement":null,"suggestion_applicability":null,"expansion":null}],"children":[],"rendered":null},{"message":"consider mutably borrowing here","code":null,"level":"help","spans":[{"file_name":"src/ftp.rs","byte_start":4631,"byte_end":4631,"line_start":159,"line_end":159,"column_start":37,"column_end":37,"is_primary":true,"text":[{"text":"            ftp.put_file(&path_str, cursor)","highlight_start":37,"highlight_end":37}],"label":null,"suggested_replacement":"&mut ","suggestion_applicability":"MachineApplicable","expansion":null}],"children":[],"rendered":null}],"rendered":"\u001b[1m\u001b[91merror[E0308]\u001b[0m\u001b[1m: mismatched types\u001b[0m\n   \u001b[1m\u001b[94m--> \u001b[0msrc/ftp.rs:159:37\n    \u001b[1m\u001b[94m|\u001b[0m\n\u001b[1m\u001b[94m159\u001b[0m \u001b[1m\u001b[94m|\u001b[0m             ftp.put_file(&path_str, cursor)\n    \u001b[1m\u001b[94m|\u001b[0m                 \u001b[1m\u001b[94m--------\u001b[0m            \u001b[1m\u001b[91m^^^^^^\u001b[0m \u001b[1m\u001b[91mexpected `&mut _`, found `Cursor<Vec<u8>>`\u001b[0m\n    \u001b[1m\u001b[94m|\u001b[0m                 \u001b[1m\u001b[94m|\u001b[0m\n    \u001b[1m\u001b[94m|\u001b[0m                 \u001b[1m\u001b[94marguments to this method are incorrect\u001b[0m\n    \u001b[1m\u001b[94m|\u001b[0m\n    \u001b[1m\u001b[94m= \u001b[0m\u001b[1mnote\u001b[0m: expected mutable reference `\u001b[1m\u001b[35m&mut _\u001b[0m`\n                          found struct `\u001b[1m\u001b[35mstd::io::Cursor<Vec<u8>>\u001b[0m`\n\u001b[1m\u001b[92mnote\u001b[0m: method defined here\n   \u001b[1m\u001b[94m--> \u001b[0m/home/rafa/.cargo/registry/src/index.crates.io-1949cf8c6b5b557f/suppaftp-6.3.0/src/sync_ftp/mod.rs:500:12\n    \u001b[1m\u001b[94m|\u001b[0m\n\u001b[1m\u001b[94m500\u001b[0m \u001b[1m\u001b[94m|\u001b[0m     pub fn put_file<S: AsRef<str>, R: Read>(&mut sel\u001b[1m\u001b[94m...\u001b[0m\n    \u001b[1m\u001b[94m|\u001b[0m            \u001b[1m\u001b[92m^^^^^^^^\u001b[0m\n\u001b[1m\u001b[96mhelp\u001b[0m: consider mutably borrowing here\n    \u001b[1m\u001b[94m|\u001b[0m\n\u001b[1m\u001b[94m159\u001b[0m \u001b[1m\u001b[94m| \u001b[0m            ftp.put_file(&path_str, \u001b[92m&mut \u001b[0mcursor)\n    \u001b[1m\u001b[94m|\u001b[0m                                     \u001b[92m++++\u001b[0m\n\n"}
{"$message_type":"diagnostic","message":"mismatched types","code":{"code":"E0308","explanation":"Expected type did not match the received type.\n\nErroneous code examples:\n\n```compile_fail,E0308\nfn plus_one(x: i32) -> i32 {\n    x + 1\n}\n\nplus_one(\"Not a number\");\n//       ^^^^^^^^^^^^^^ expected `i32`, found `&str`\n\nif \"Not a bool\" {\n// ^^^^^^^^^^^^ expected `bool`, found `&str`\n}\n\nlet x: f32 = \"Not a float\";\n//     ---   ^^^^^^^^^^^^^ expected `f32`, found `&str`\n//     |\n//     expected due to this\n```\n\nThis error occurs when an expression was used in a place where the compiler\nexpected an expression of a different type. It can occur in several cases, the\nmost common being when calling a function and passing an argument which has a\ndifferent type than the matching type in the function declaration.\n"},"level":"error","spans":[{"file_name":"src/ftp.rs","byte_start":4607,"byte_end":4638,"line_start":159,"line_end":159,"column_start":13,"column_end":44,"is_primary":true,"text":[{"text":"            ftp.put_file(&path_str, cursor)","highlight_start":13,"highlight_end":44}],"label":"expected `Result<_, Error>`, found `Result<u64, FtpError>`","suggested_replacement":null,"suggestion_applicability":null,"expansion":null}],"children":[{"message":"expected enum `Result<_, anyhow::Error>`\n   found enum `Result<u64, FtpError>`","code":null,"level":"note","spans":[],"children":[],"rendered":null},{"message":"use `?` to coerce and return an appropriate `Err`, and wrap the resulting value in `Ok` so the expression remains of type `Result`","code":null,"level":"help","spans":[{"file_name":"src/ftp.rs","byte_start":4607,"byte_end":4607,"line_start":159,"line_end":159,"column_start":13,"column_end":13,"is_primary":true,"text":[{"text":"            ftp.put_file(&path_str, cursor)","highlight_start":13,"highlight_end":13}],"label":null,"suggested_replacement":"Ok(","suggestion_applicability":"MaybeIncorrect","expansion":null},{"file_name":"src/ftp.rs","byte_start":4638,"byte_end":4638,"line_start":159,"line_end":159,"column_start":44,"column_end":44,"is_primary":true,"text":[{"text":"            ftp.put_file(&path_str, cursor)","highlight_start":44,"highlight_end":44}],"label":null,"suggested_replacement":"?)","suggestion_applicability":"MaybeIncorrect","expansion":null}],"children":[],"rendered":null}],"rendered":"\u001b[1m\u001b[91merror[E0308]\u001b[0m\u001b[1m: mismatched types\u001b[0m\n   \u001b[1m\u001b[94m--> \u001b[0msrc/ftp.rs:159:13\n    \u001b[1m\u001b[94m|\u001b[0m\n\u001b[1m\u001b[94m159\u001b[0m \u001b[1m\u001b[94m|\u001b[0m             ftp.put_file(&path_str, cursor)\n    \u001b[1m\u001b[94m|\u001b[0m             \u001b[1m\u001b[91m^^^^^^^^^^^^^^^^^^^^^^^^^^^^^^^\u001b[0m \u001b[1m\u001b[91mexpected `Result<_, Error>`, found `Result<u64, FtpError>`\u001b[0m\n    \u001b[1m\u001b[94m|\u001b[0m\n    \u001b[1m\u001b[94m= \u001b[0m\u001b[1mnote\u001b[0m: expected enum `Result<\u001b[1m\u001b[35m_\u001b[0m, \u001b[1m\u001b[35manyhow::Error\u001b[0m>`\n               found enum `Result<\u001b[1m\u001b[35mu64\u001b[0m, \u001b[1m\u001b[35mFtpError\u001b[0m>`\n\u001b[1m\u001b[96mhelp\u001b[0m: use `?` to coerce and return an appropriate `Err`, and wrap the resulting value in `Ok` so the expression remains of type `Result`\n    \u001b[1m\u001b[94m|\u001b[0m\n\u001b[1m\u001b[94m159\u001b[0m \u001b[1m\u001b[94m| \u001b[0m            \u001b[92mOk(\u001b[0mftp.put_file(&path_str, cursor)\u001b[92m?)\u001b[0m\n    \u001b[1m\u001b[94m|\u001b[0m             \u001b[92m+++\u001b[0m                               \u001b[92m++\u001b[0m\n\n"}
{"$message_type":"diagnostic","message":"mismatched types","code":{"code":"E0308","explanation":"Expected type did not match the received type.\n\nErroneous code examples:\n\n```compile_fail,E0308\nfn plus_one(x: i32) -> i32 {\n    x + 1\n}\n\nplus_one(\"Not a number\");\n//       ^^^^^^^^^^^^^^ expected `i32`, found `&str`\n\nif \"Not a bool\" {\n// ^^^^^^^^^^^^ expected `bool`, found `&str`\n}\n\nlet x: f32 = \"Not a float\";\n//     ---   ^^^^^^^^^^^^^ expected `f32`, found `&str`\n//     |\n//     expected due to this\n```\n\nThis error occurs when an expression was used in a place where the compiler\nexpected an expression of a different type. It can occur in several cases, the\nmost common being when calling a function and passing an argument which has a\ndifferent type than the matching type in the function declaration.\n"},"level":"error","spans":[{"file_name":"src/ftp.rs","byte_start":5131,"byte_end":5151,"line_start":176,"line_end":176,"column_start":13,"column_end":33,"is_primary":true,"text":[{"text":"            ftp.mkdir(&path_str)","highlight_start":13,"highlight_end":33}],"label":"expected `Result<_, Error>`, found `Result<(), FtpError>`","suggested_replacement":null,"suggestion_applicability":null,"expansion":null}],"children":[{"message":"expected enum `Result<_, anyhow::Error>`\n   found enum `Result<(), FtpError>`","code":null,"level":"note","spans":[],"children":[],"rendered":null},{"message":"use `?` to coerce and return an appropriate `Err`, and wrap the resulting value in `Ok` so the expression remains of type `Result`","code":null,"level":"help","spans":[{"file_name":"src/ftp.rs","byte_start":5131,"byte_end":5131,"line_start":176,"line_end":176,"column_start":13,"column_end":13,"is_primary":true,"text":[{"text":"            ftp.mkdir(&path_str)","highlight_start":13,"highlight_end":13}],"label":null,"suggested_replacement":"Ok(","suggestion_applicability":"MaybeIncorrect","expansion":null},{"file_name":"src/ftp.rs","byte_start":5151,"byte_end":5151,"line_start":176,"line_end":176,"column_start":33,"column_end":33,"is_primary":true,"text":[{"text":"            ftp.mkdir(&path_str)","highlight_start":33,"highlight_end":33}],"label":null,"suggested_replacement":"?)","suggestion_applicability":"MaybeIncorrect","expansion":null}],"children":[],"rendered":null}],"rendered":"\u001b[1m\u001b[91merror[E0308]\u001b[0m\u001b[1m: mismatched types\u001b[0m\n   \u001b[1m\u001b[94m--> \u001b[0msrc/ftp.rs:176:13\n    \u001b[1m\u001b[94m|\u001b[0m\n\u001b[1m\u001b[94m176\u001b[0m \u001b[1m\u001b[94m|\u001b[0m             ftp.mkdir(&path_str)\n    \u001b[1m\u001b[94m|\u001b[0m             \u001b[1m\u001b[91m^^^^^^^^^^^^^^^^^^^^\u001b[0m \u001b[1m\u001b[91mexpected `Result<_, Error>`, found `Result<(), FtpError>`\u001b[0m\n    \u001b[1m\u001b[94m|\u001b[0m\n    \u001b[1m\u001b[94m= \u001b[0m\u001b[1mnote\u001b[0m: expected enum `Result<\u001b[1m\u001b[35m_\u001b[0m, \u001b[1m\u001b[35manyhow::Error\u001b[0m>`\n               found enum `Result<\u001b[1m\u001b[35m()\u001b[0m, \u001b[1m\u001b[35mFtpError\u001b[0m>`\n\u001b[1m\u001b[96mhelp\u001b[0m: use `?` to coerce and return an appropriate `Err`, and wrap the resulting value in `Ok` so the expression remains of type `Result`\n    \u001b[1m\u001b[94m|\u001b[0m\n\u001b[1m\u001b[94m176\u001b[0m \u001b[1m\u001b[94m| \u001b[0m            \u001b[92mOk(\u001b[0mftp.mkdir(&path_str)\u001b[92m?)\u001b[0m\n    \u001b[1m\u001b[94m|\u001b[0m             \u001b[92m+++\u001b[0m                    \u001b[92m++\u001b[0m\n\n"}
{"$message_type":"diagnostic","message":"no method named `rm_file` found for mutable reference `&mut ImplFtpStream<...>` in the current scope","code":{"code":"E0599","explanation":"This error occurs when a method is used on a type which doesn't implement it:\n\nErroneous code example:\n\n```compile_fail,E0599\nstruct Mouth;\n\nlet x = Mouth;\nx.chocolate(); // error: no method named `chocolate` found for type `Mouth`\n               //        in the current scope\n```\n\nIn this case, you need to implement the `chocolate` method to fix the error:\n\n```\nstruct Mouth;\n\nimpl Mouth {\n    fn chocolate(&self) { // We implement the `chocolate` method here.\n        println!(\"Hmmm! I love chocolate!\");\n    }\n}\n\nlet x = Mouth;\nx.chocolate(); // ok!\n```\n"},"level":"error","spans":[{"file_name":"src/ftp.rs","byte_start":5653,"byte_end":5660,"line_start":193,"line_end":193,"column_start":17,"column_end":24,"is_primary":true,"text":[{"text":"            ftp.rm_file(&path_str)","highlight_start":17,"highlight_end":24}],"label":"method not found in `&mut ImplFtpStream<...>`","suggested_replacement":null,"suggestion_applicability":null,"expansion":null}],"children":[{"message":"the full name for the type has been written to '/home/rafa/Desarrollo/rustftpfs/target/debug/deps/rustftpfs-57cb187784413ca1.long-type-11528025777687037780.txt'","code":null,"level":"note","spans":[],"children":[],"rendered":null},{"message":"consider using `--verbose` to print the full type name to the console","code":null,"level":"note","spans":[],"children":[],"rendered":null}],"rendered":"\u001b[1m\u001b[91merror[E0599]\u001b[0m\u001b[1m: no method named `rm_file` found for mutable reference `&mut ImplFtpStream<...>` in the current scope\u001b[0m\n   \u001b[1m\u001b[94m--> \u001b[0msrc/ftp.rs:193:17\n    \u001b[1m\u001b[94m|\u001b[0m\n\u001b[1m\u001b[94m193\u001b[0m \u001b[1m\u001b[94m|\u001b[0m             ftp.rm_file(&path_str)\n    \u001b[1m\u001b[94m|\u001b[0m                 \u001b[1m\u001b[91m^^^^^^^\u001b[0m \u001b[1m\u001b[91mmethod not found in `&mut ImplFtpStream<...>`\u001b[0m\n    \u001b[1m\u001b[94m|\u001b[0m\n    \u001b[1m\u001b[94m= \u001b[0m\u001b[1mnote\u001b[0m: the full name for the type has been written to '/home/rafa/Desarrollo/rustftpfs/target/debug/deps/rustftpfs-57cb187784413ca1.long-type-11528025777687037780.txt'\n    \u001b[1m\u001b[94m= \u001b[0m\u001b[1mnote\u001b[0m: consider using `--verbose` to print the full type name to the console\n\n"}
{"$message_type":"diagnostic","message":"mismatched types","code":{"code":"E0308","explanation":"Expected type did not match the received type.\n\nErroneous code examples:\n\n```compile_fail,E0308\nfn plus_one(x: i32) -> i32 {\n    x + 1\n}\n\nplus_one(\"Not a number\");\n//       ^^^^^^^^^^^^^^ expected `i32`, found `&str`\n\nif \"Not a bool\" {\n// ^^^^^^^^^^^^ expected `bool`, found `&str`\n}\n\nlet x: f32 = \"Not a float\";\n//     ---   ^^^^^^^^^^^^^ expected `f32`, found `&str`\n//     |\n//     expected due to this\n```\n\nThis error occurs when an expression was used in a place where the compiler\nexpected an expression of a different type. It can occur in several cases, the\nmost common being when calling a function and passing an argument which has a\ndifferent type than the matching type in the function declaration.\n"},"level":"error","spans":[{"file_name":"src/ftp.rs","byte_start":6164,"byte_end":6184,"line_start":210,"line_end":210,"column_start":13,"column_end":33,"is_primary":true,"text":[{"text":"            ftp.rmdir(&path_str)","highlight_start":13,"highlight_end":33}],"label":"expected `Result<_, Error>`, found `Result<(), FtpError>`","suggested_replacement":null,"suggestion_applicability":null,"expansion":null}],"children":[{"message":"expected enum `Result<_, anyhow::Error>`\n   found enum `Result<(), FtpError>`","code":null,"level":"note","spans":[],"children":[],"rendered":null},{"message":"use `?` to coerce and return an appropriate `Err`, and wrap the resulting value in `Ok` so the expression remains of type `Result`","code":null,"level":"help","spans":[{"file_name":"src/ftp.rs","byte_start":6164,"byte_end":6164,"line_start":210,"line_end":210,"column_start":13,"column_end":13,"is_primary":true,"text":[{"text":"            ftp.rmdir(&path_str)","highlight_start":13,"highlight_end":13}],"label":null,"suggested_replacement":"Ok(","suggestion_applicability":"MaybeIncorrect","expansion":null},{"file_name":"src/ftp.rs","byte_start":6184,"byte_end":6184,"line_start":210,"line_end":210,"column_start":33,"column_end":33,"is_primary":true,"text":[{"text":"            ftp.rmdir(&path_str)","highlight_start":33,"highlight_end":33}],"label":null,"suggested_replacement":"?)","suggestion_applicability":"MaybeIncorrect","expansion":null}],"children":[],"rendered":null}],"rendered":"\u001b[1m\u001b[91merror[E0308]\u001b[0m\u001b[1m: mismatched types\u001b[0m\n   \u001b[1m\u001b[94m--> \u001b[0msrc/ftp.rs:210:13\n    \u001b[1m\u001b[94m|\u001b[0m\n\u001b[1m\u001b[94m210\u001b[0m \u001b[1m\u001b[94m|\u001b[0m             ftp.rmdir(&path_str)\n    \u001b[1m\u001b[94m|\u001b[0m             \u001b[1m\u001b[91m^^^^^^^^^^^^^^^^^^^^\u001b[0m \u001b[1m\u001b[91mexpected `Result<_, Error>`, found `Result<(), FtpError>`\u001b[0m\n    \u001b[1m\u001b[94m|\u001b[0m\n    \u001b[1m\u001b[94m= \u001b[0m\u001b[1mnote\u001b[0m: expected enum `Result<\u001b[1m\u001b[35m_\u001b[0m, \u001b[1m\u001b[35manyhow::Error\u001b[0m>`\n               found enum `Result<\u001b[1m\u001b[35m()\u001b[0m, \u001b[1m\u001b[35mFtpError\u001b[0m>`\n\u001b[1m\u001b[96mhelp\u001b[0m: use `?` to coerce and return an appropriate `Err`, and wrap the resulting value in `Ok` so the expression remains of type `Result`\n    \u001b[1m\u001b[94m|\u001b[0m\n\u001b[1m\u001b[94m210\u001b[0m \u001b[1m\u001b[94m| \u001b[0m            \u001b[92mOk(\u001b[0mftp.rmdir(&path_str)\u001b[92m?)\u001b[0m\n    \u001b[1m\u001b[94m|\u001b[0m             \u001b[92m+++\u001b[0m                    \u001b[92m++\u001b[0m\n\n"}
{"$message_type":"diagnostic","message":"mismatched types","code":{"code":"E0308","explanation":"Expected type did not match the received type.\n\nErroneous code examples:\n\n```compile_fail,E0308\nfn plus_one(x: i32) -> i32 {\n    x + 1\n}\n\nplus_one(\"Not a number\");\n//       ^^^^^^^^^^^^^^ expected `i32`, found `&str`\n\nif \"Not a bool\" {\n// ^^^^^^^^^^^^ expected `bool`, found `&str`\n}\n\nlet x: f32 = \"Not a float\";\n//     ---   ^^^^^^^^^^^^^ expected `f32`, found `&str`\n//     |\n//     expected due to this\n```\n\nThis error occurs when an expression was used in a place where the compiler\nexpected an expression of a different type. It can occur in several cases, the\nmost common being when calling a function and passing an argument which has a\ndifferent type than the matching type in the function declaration.\n"},"level":"error","spans":[{"file_name":"src/ftp.rs","byte_start":6744,"byte_end":6774,"line_start":228,"line_end":228,"column_start":13,"column_end":43,"is_primary":true,"text":[{"text":"            ftp.rename(&from_str, &to_str)","highlight_start":13,"highlight_end":43}],"label":"expected `Result<_, Error>`, found `Result<(), FtpError>`","suggested_replacement":null,"suggestion_applicability":null,"expansion":null}],"children":[{"message":"expected enum `Result<_, anyhow::Error>`\n   found enum `Result<(), FtpError>`","code":null,"level":"note","spans":[],"children":[],"rendered":null},{"message":"use `?` to coerce and return an appropriate `Err`, and wrap the resulting value in `Ok` so the expression remains of type `Result`","code":null,"level":"help","spans":[{"file_name":"src/ftp.rs","byte_start":6744,"byte_end":6744,"line_start":228,"line_end":228,"column_start":13,"column_end":13,"is_primary":true,"text":[{"text":"            ftp.rename(&from_str, &to_str)","highlight_start":13,"highlight_end":13}],"label":null,"suggested_replacement":"Ok(","suggestion_applicability":"MaybeIncorrect","expansion":null},{"file_name":"src/ftp.rs","byte_start":6774,"byte_end":6774,"line_start":228,"line_end":228,"column_start":43,"column_end":43,"is_primary":true,"text":[{"text":"            ftp.rename(&from_str, &to_str)","highlight_start":43,"highlight_end":43}],"label":null,"suggested_replacement":"?)","suggestion_applicability":"MaybeIncorrect","expansion":null}],"children":[],"rendered":null}],"rendered":"\u001b[1m\u001b[91merror[E0308]\u001b[0m\u001b[1m: mismatched types\u001b[0m\n   \u001b[1m\u001b[94m--> \u001b[0msrc/ftp.rs:228:13\n    \u001b[1m\u001b[94m|\u001b[0m\n\u001b[1m\u001b[94m228\u001b[0m \u001b[1m\u001b[94m|\u001b[0m             ftp.rename(&from_str, &to_str)\n    \u001b[1m\u001b[94m|\u001b[0m             \u001b[1m\u001b[91m^^^^^^^^^^^^^^^^^^^^^^^^^^^^^^\u001b[0m \u001b[1m\u001b[91mexpected `Result<_, Error>`, found `Result<(), FtpError>`\u001b[0m\n    \u001b[1m\u001b[94m|\u001b[0m\n    \u001b[1m\u001b[94m= \u001b[0m\u001b[1mnote\u001b[0m: expected enum `Result<\u001b[1m\u001b[35m_\u001b[0m, \u001b[1m\u001b[35manyhow::Error\u001b[0m>`\n               found enum `Result<\u001b[1m\u001b[35m()\u001b[0m, \u001b[1m\u001b[35mFtpError\u001b[0m>`\n\u001b[1m\u001b[96mhelp\u001b[0m: use `?` to coerce and return an appropriate `Err`, and wrap the resulting value in `Ok` so the expression remains of type `Result`\n    \u001b[1m\u001b[94m|\u001b[0m\n\u001b[1m\u001b[94m228\u001b[0m \u001b[1m\u001b[94m| \u001b[0m            \u001b[92mOk(\u001b[0mftp.rename(&from_str, &to_str)\u001b[92m?)\u001b[0m\n    \u001b[1m\u001b[94m|\u001b[0m             \u001b[92m+++\u001b[0m                              \u001b[92m++\u001b[0m\n\n"}
{"$message_type":"diagnostic","message":"the trait bound `Inode: Clone` is not satisfied","code":{"code":"E0277","explanation":"You tried to use a type which doesn't implement some trait in a place which\nexpected that trait.\n\nErroneous code example:\n\n```compile_fail,E0277\n// here we declare the Foo trait with a bar method\ntrait Foo {\n    fn bar(&self);\n}\n\n// we now declare a function which takes an object implementing the Foo trait\nfn some_func<T: Foo>(foo: T) {\n    foo.bar();\n}\n\nfn main() {\n    // we now call the method with the i32 type, which doesn't implement\n    // the Foo trait\n    some_func(5i32); // error: the trait bound `i32 : Foo` is not satisfied\n}\n```\n\nIn order to fix this error, verify that the type you're using does implement\nthe trait. Example:\n\n```\ntrait Foo {\n    fn bar(&self);\n}\n\n// we implement the trait on the i32 type\nimpl Foo for i32 {\n    fn bar(&self) {}\n}\n\nfn some_func<T: Foo>(foo: T) {\n    foo.bar(); // we can now use this method since i32 implements the\n               // Foo trait\n}\n\nfn main() {\n    some_func(5i32); // ok!\n}\n```\n\nOr in a generic context, an erroneous code example would look like:\n\n```compile_fail,E0277\nfn some_func<T>(foo: T) {\n    println!(\"{:?}\", foo); // error: the trait `core::fmt::Debug` is not\n                           //        implemented for the type `T`\n}\n\nfn main() {\n    // We now call the method with the i32 type,\n    // which *does* implement the Debug trait.\n    some_func(5i32);\n}\n```\n\nNote that the error here is in the definition of the generic function. Although\nwe only call it with a parameter that does implement `Debug`, the compiler\nstill rejects the function. It must work with all possible input types. In\norder to make this example compile, we need to restrict the generic type we're\naccepting:\n\n```\nuse std::fmt;\n\n// Restrict the input type to types that implement Debug.\nfn some_func<T: fmt::Debug>(foo: T) {\n    println!(\"{:?}\", foo);\n}\n\nfn main() {\n    // Calling the method is still fine, as i32 implements Debug.\n    some_func(5i32);\n\n    // This would fail to compile now:\n    // struct WithoutDebug;\n    // some_func(WithoutDebug);\n}\n```\n\nRust only looks at the signature of the called function, as such it must\nalready specify all requirements that will be used for every type parameter.\n"},"level":"error","spans":[{"file_name":"src/filesystem.rs","byte_start":2346,"byte_end":2352,"line_start":86,"line_end":86,"column_start":47,"column_end":53,"is_primary":true,"text":[{"text":"        self.inodes.lock().unwrap().get(&ino).cloned()","highlight_start":47,"highlight_end":53}],"label":"the trait `Clone` is not implemented for `Inode`","suggested_replacement":null,"suggestion_applicability":null,"expansion":null}],"children":[{"message":"required by a bound in `Option::<&T>::cloned`","code":null,"level":"note","spans":[{"file_name":"/rustc/254b59607d4417e9dffbc307138ae5c86280fe4c/library/core/src/option.rs","byte_start":72462,"byte_end":72522,"line_start":2078,"line_end":2080,"column_start":5,"column_end":18,"is_primary":true,"text":[],"label":null,"suggested_replacement":null,"suggestion_applicability":null,"expansion":null}],"children":[],"rendered":null},{"message":"consider annotating `Inode` with `#[derive(Clone)]`","code":null,"level":"help","spans":[{"file_name":"src/filesystem.rs","byte_start":527,"byte_end":527,"line_start":18,"line_end":18,"column_start":1,"column_end":1,"is_primary":true,"text":[{"text":"struct Inode {","highlight_start":1,"highlight_end":1}],"label":null,"suggested_replacement":"#[derive(Clone)]\n","suggestion_applicability":"MaybeIncorrect","expansion":null}],"children":[],"rendered":null}],"rendered":"\u001b[1m\u001b[91merror[E0277]\u001b[0m\u001b[1m: the trait bound `Inode: Clone` is not satisfied\u001b[0m\n  \u001b[1m\u001b[94m--> \u001b[0msrc/filesystem.rs:86:47\n   \u001b[1m\u001b[94m|\u001b[0m\n\u001b[1m\u001b[94m86\u001b[0m \u001b[1m\u001b[94m|\u001b[0m         self.inodes.lock().unwrap().get(&ino).cloned()\n   \u001b[1m\u001b[94m|\u001b[0m                                               \u001b[1m\u001b[91m^^^^^^\u001b[0m \u001b[1m\u001b[91mthe trait `Clone` is not implemented for `Inode`\u001b[0m\n   \u001b[1m\u001b[94m|\u001b[0m\n\u001b[1m\u001b[92mnote\u001b[0m: required by a bound in `Option::<&T>::cloned`\n  \u001b[1m\u001b[94m--> \u001b[0m/rustc/254b59607d4417e9dffbc307138ae5c86280fe4c/library/core/src/option.rs:2078:5\n\u001b[1m\u001b[96mhelp\u001b[0m: consider annotating `Inode` with `#[derive(Clone)]`\n   \u001b[1m\u001b[94m|\u001b[0m\n\u001b[1m\u001b[94m18\u001b[0m \u001b[92m+ #[derive(Clone)]\u001b[0m\n\u001b[1m\u001b[94m19\u001b[0m \u001b[1m\u001b[94m| \u001b[0mstruct Inode {\n   \u001b[1m\u001b[94m|\u001b[0m\n\n"}
{"$message_type":"diagnostic","message":"the trait bound `String: Borrow<Cow<'_, str>>` is not satisfied","code":{"code":"E0277","explanation":"You tried to use a type which doesn't implement some trait in a place which\nexpected that trait.\n\nErroneous code example:\n\n```compile_fail,E0277\n// here we declare the Foo trait with a bar method\ntrait Foo {\n    fn bar(&self);\n}\n\n// we now declare a function which takes an object implementing the Foo trait\nfn some_func<T: Foo>(foo: T) {\n    foo.bar();\n}\n\nfn main() {\n    // we now call the method with the i32 type, which doesn't implement\n    // the Foo trait\n    some_func(5i32); // error: the trait bound `i32 : Foo` is not satisfied\n}\n```\n\nIn order to fix this error, verify that the type you're using does implement\nthe trait. Example:\n\n```\ntrait Foo {\n    fn bar(&self);\n}\n\n// we implement the trait on the i32 type\nimpl Foo for i32 {\n    fn bar(&self) {}\n}\n\nfn some_func<T: Foo>(foo: T) {\n    foo.bar(); // we can now use this method since i32 implements the\n               // Foo trait\n}\n\nfn main() {\n    some_func(5i32); // ok!\n}\n```\n\nOr in a generic context, an erroneous code example would look like:\n\n```compile_fail,E0277\nfn some_func<T>(foo: T) {\n    println!(\"{:?}\", foo); // error: the trait `core::fmt::Debug` is not\n                           //        implemented for the type `T`\n}\n\nfn main() {\n    // We now call the method with the i32 type,\n    // which *does* implement the Debug trait.\n    some_func(5i32);\n}\n```\n\nNote that the error here is in the definition of the generic function. Although\nwe only call it with a parameter that does implement `Debug`, the compiler\nstill rejects the function. It must work with all possible input types. In\norder to make this example compile, we need to restrict the generic type we're\naccepting:\n\n```\nuse std::fmt;\n\n// Restrict the input type to types that implement Debug.\nfn some_func<T: fmt::Debug>(foo: T) {\n    println!(\"{:?}\", foo);\n}\n\nfn main() {\n    // Calling the method is still fine, as i32 implements Debug.\n    some_func(5i32);\n\n    // This would fail to compile now:\n    // struct WithoutDebug;\n    // some_func(WithoutDebug);\n}\n```\n\nRust only looks at the signature of the called function, as such it must\nalready specify all requirements that will be used for every type parameter.\n"},"level":"error","spans":[{"file_name":"src/filesystem.rs","byte_start":5363,"byte_end":5372,"line_start":174,"line_end":174,"column_start":59,"column_end":68,"is_primary":true,"text":[{"text":"            if let Some(&ino) = parent_inode.children.get(&name_str) {","highlight_start":59,"highlight_end":68}],"label":"unsatisfied trait bound","suggested_replacement":null,"suggestion_applicability":null,"expansion":null},{"file_name":"src/filesystem.rs","byte_start":5359,"byte_end":5362,"line_start":174,"line_end":174,"column_start":55,"column_end":58,"is_primary":false,"text":[{"text":"            if let Some(&ino) = parent_inode.children.get(&name_str) {","highlight_start":55,"highlight_end":58}],"label":"required by a bound introduced by this call","suggested_replacement":null,"suggestion_applicability":null,"expansion":null}],"children":[{"message":"the trait `Borrow<Cow<'_, str>>` is not implemented for `String`\nbut trait `Borrow<str>` is implemented for it","code":null,"level":"help","spans":[{"file_name":"/rustc/254b59607d4417e9dffbc307138ae5c86280fe4c/library/alloc/src/str.rs","byte_start":7271,"byte_end":7298,"line_start":189,"line_end":189,"column_start":1,"column_end":28,"is_primary":true,"text":[],"label":null,"suggested_replacement":null,"suggestion_applicability":null,"expansion":null}],"children":[],"rendered":null},{"message":"for that trait implementation, expected `str`, found `Cow<'_, str>`","code":null,"level":"help","spans":[],"children":[],"rendered":null},{"message":"required by a bound in `HashMap::<K, V, S>::get`","code":null,"level":"note","spans":[{"file_name":"/rustc/254b59607d4417e9dffbc307138ae5c86280fe4c/library/std/src/collections/hash/map.rs","byte_start":30399,"byte_end":30502,"line_start":909,"line_end":912,"column_start":5,"column_end":22,"is_primary":true,"text":[],"label":null,"suggested_replacement":null,"suggestion_applicability":null,"expansion":null}],"children":[],"rendered":null}],"rendered":"\u001b[1m\u001b[91merror[E0277]\u001b[0m\u001b[1m: the trait bound `String: Borrow<Cow<'_, str>>` is not satisfied\u001b[0m\n   \u001b[1m\u001b[94m--> \u001b[0msrc/filesystem.rs:174:59\n    \u001b[1m\u001b[94m|\u001b[0m\n\u001b[1m\u001b[94m174\u001b[0m \u001b[1m\u001b[94m|\u001b[0m \u001b[1m\u001b[94m...\u001b[0minode.children.get(&name_str) {\n    \u001b[1m\u001b[94m|\u001b[0m                   \u001b[1m\u001b[94m---\u001b[0m \u001b[1m\u001b[91m^^^^^^^^^\u001b[0m \u001b[1m\u001b[91munsatisfied trait bound\u001b[0m\n    \u001b[1m\u001b[94m|\u001b[0m                   \u001b[1m\u001b[94m|\u001b[0m\n    \u001b[1m\u001b[94m|\u001b[0m                   \u001b[1m\u001b[94mrequired by a bound introduced by this call\u001b[0m\n    \u001b[1m\u001b[94m|\u001b[0m\n\u001b[1m\u001b[96mhelp\u001b[0m: the trait `Borrow<\u001b[1m\u001b[35mCow<'_, str>\u001b[0m>` \u001b[1m\u001b[35mis not\u001b[0m implemented for `String`\n      but trait `Borrow<\u001b[1m\u001b[35mstr\u001b[0m>` \u001b[1m\u001b[35mis\u001b[0m implemented for it\n   \u001b[1m\u001b[94m--> \u001b[0m/rustc/254b59607d4417e9dffbc307138ae5c86280fe4c/library/alloc/src/str.rs:189:1\n    \u001b[1m\u001b[94m= \u001b[0m\u001b[1mhelp\u001b[0m: for that trait implementation, expected `\u001b[1m\u001b[35mstr\u001b[0m`, found `\u001b[1m\u001b[35mCow<'_, str>\u001b[0m`\n\u001b[1m\u001b[92mnote\u001b[0m: required by a bound in `HashMap::<K, V, S>::get`\n   \u001b[1m\u001b[94m--> \u001b[0m/rustc/254b59607d4417e9dffbc307138ae5c86280fe4c/library/std/src/collections/hash/map.rs:909:5\n\n"}
{"$message_type":"diagnostic","message":"mismatched types","code":{"code":"E0308","explanation":"Expected type did not match the received type.\n\nErroneous code examples:\n\n```compile_fail,E0308\nfn plus_one(x: i32) -> i32 {\n    x + 1\n}\n\nplus_one(\"Not a number\");\n//       ^^^^^^^^^^^^^^ expected `i32`, found `&str`\n\nif \"Not a bool\" {\n// ^^^^^^^^^^^^ expected `bool`, found `&str`\n}\n\nlet x: f32 = \"Not a float\";\n//     ---   ^^^^^^^^^^^^^ expected `f32`, found `&str`\n//     |\n//     expected due to this\n```\n\nThis error occurs when an expression was used in a place where the compiler\nexpected an expression of a different type. It can occur in several cases, the\nmost common being when calling a function and passing an argument which has a\ndifferent type than the matching type in the function declaration.\n"},"level":"error","spans":[{"file_name":"src/filesystem.rs","byte_start":5612,"byte_end":5627,"line_start":184,"line_end":184,"column_start":16,"column_end":31,"is_primary":true,"text":[{"text":"        if let Ok(parent_path) = self.get_path(parent) {","highlight_start":16,"highlight_end":31}],"label":"expected `Option<PathBuf>`, found `Result<_, _>`","suggested_replacement":null,"suggestion_applicability":null,"expansion":null},{"file_name":"src/filesystem.rs","byte_start":5630,"byte_end":5651,"line_start":184,"line_end":184,"column_start":34,"column_end":55,"is_primary":false,"text":[{"text":"        if let Ok(parent_path) = self.get_path(parent) {","highlight_start":34,"highlight_end":55}],"label":"this expression has type `Option<PathBuf>`","suggested_replacement":null,"suggestion_applicability":null,"expansion":null}],"children":[{"message":"expected enum `Option<PathBuf>`\n   found enum `Result<_, _>`","code":null,"level":"note","spans":[],"children":[],"rendered":null}],"rendered":"\u001b[1m\u001b[91merror[E0308]\u001b[0m\u001b[1m: mismatched types\u001b[0m\n   \u001b[1m\u001b[94m--> \u001b[0msrc/filesystem.rs:184:16\n    \u001b[1m\u001b[94m|\u001b[0m\n\u001b[1m\u001b[94m184\u001b[0m \u001b[1m\u001b[94m|\u001b[0m \u001b[1m\u001b[94m...\u001b[0met Ok(parent_path) = self.get_path(parent) {\n    \u001b[1m\u001b[94m|\u001b[0m       \u001b[1m\u001b[91m^^^^^^^^^^^^^^^\u001b[0m   \u001b[1m\u001b[94m---------------------\u001b[0m \u001b[1m\u001b[94mthis expression has type `Option<PathBuf>`\u001b[0m\n    \u001b[1m\u001b[94m|\u001b[0m       \u001b[1m\u001b[91m|\u001b[0m\n    \u001b[1m\u001b[94m|\u001b[0m       \u001b[1m\u001b[91mexpected `Option<PathBuf>`, found `Result<_, _>`\u001b[0m\n    \u001b[1m\u001b[94m|\u001b[0m\n    \u001b[1m\u001b[94m= \u001b[0m\u001b[1mnote\u001b[0m: expected enum `\u001b[1m\u001b[35mOption<PathBuf>\u001b[0m`\n               found enum `\u001b[1m\u001b[35mResult<_, _>\u001b[0m`\n\n"}
{"$message_type":"diagnostic","message":"mismatched types","code":{"code":"E0308","explanation":"Expected type did not match the received type.\n\nErroneous code examples:\n\n```compile_fail,E0308\nfn plus_one(x: i32) -> i32 {\n    x + 1\n}\n\nplus_one(\"Not a number\");\n//       ^^^^^^^^^^^^^^ expected `i32`, found `&str`\n\nif \"Not a bool\" {\n// ^^^^^^^^^^^^ expected `bool`, found `&str`\n}\n\nlet x: f32 = \"Not a float\";\n//     ---   ^^^^^^^^^^^^^ expected `f32`, found `&str`\n//     |\n//     expected due to this\n```\n\nThis error occurs when an expression was used in a place where the compiler\nexpected an expression of a different type. It can occur in several cases, the\nmost common being when calling a function and passing an argument which has a\ndifferent type than the matching type in the function declaration.\n"},"level":"error","spans":[{"file_name":"src/filesystem.rs","byte_start":17429,"byte_end":17433,"line_start":522,"line_end":522,"column_start":33,"column_end":37,"is_primary":true,"text":[{"text":"                    if let Some(&ino) = parent_inode.children.remove(&name.to_string_lossy().to_string()) {","highlight_start":33,"highlight_end":37}],"label":"expected `u64`, found `&_`","suggested_replacement":null,"suggestion_applicability":null,"expansion":null},{"file_name":"src/filesystem.rs","byte_start":17437,"byte_end":17502,"line_start":522,"line_end":522,"column_start":41,"column_end":106,"is_primary":false,"text":[{"text":"                    if let Some(&ino) = parent_inode.children.remove(&name.to_string_lossy().to_string()) {","highlight_start":41,"highlight_end":106}],"label":"this expression has type `Option<u64>`","suggested_replacement":null,"suggestion_applicability":null,"expansion":null}],"children":[{"message":"  expected type `u64`\nfound reference `&_`","code":null,"level":"note","spans":[],"children":[],"rendered":null},{"message":"consider removing `&` from the pattern","code":null,"level":"help","spans":[{"file_name":"src/filesystem.rs","byte_start":17429,"byte_end":17433,"line_start":522,"line_end":522,"column_start":33,"column_end":37,"is_primary":true,"text":[{"text":"                    if let Some(&ino) = parent_inode.children.remove(&name.to_string_lossy().to_string()) {","highlight_start":33,"highlight_end":37}],"label":null,"suggested_replacement":"ino","suggestion_applicability":"MaybeIncorrect","expansion":null}],"children":[],"rendered":null}],"rendered":"\u001b[1m\u001b[91merror[E0308]\u001b[0m\u001b[1m: mismatched types\u001b[0m\n   \u001b[1m\u001b[94m--> \u001b[0msrc/filesystem.rs:522:33\n    \u001b[1m\u001b[94m|\u001b[0m\n\u001b[1m\u001b[94m522\u001b[0m \u001b[1m\u001b[94m|\u001b[0m \u001b[1m\u001b[94m...\u001b[0mme(&ino) = parent_inode.children.remove(&name.to_string_lossy().to_string()) {\n    \u001b[1m\u001b[94m|\u001b[0m       \u001b[1m\u001b[91m^^^^\u001b[0m    \u001b[1m\u001b[94m-----------------------------------------------------------------\u001b[0m \u001b[1m\u001b[94mthis expression has type `Option<u64>`\u001b[0m\n    \u001b[1m\u001b[94m|\u001b[0m       \u001b[1m\u001b[91m|\u001b[0m\n    \u001b[1m\u001b[94m|\u001b[0m       \u001b[1m\u001b[91mexpected `u64`, found `&_`\u001b[0m\n    \u001b[1m\u001b[94m|\u001b[0m\n    \u001b[1m\u001b[94m= \u001b[0m\u001b[1mnote\u001b[0m:   expected type `\u001b[1m\u001b[35mu64\u001b[0m`\n            found reference `\u001b[1m\u001b[35m&_\u001b[0m`\n\u001b[1m\u001b[96mhelp\u001b[0m: consider removing `&` from the pattern\n    \u001b[1m\u001b[94m|\u001b[0m\n\u001b[1m\u001b[94m522\u001b[0m \u001b[91m- \u001b[0m                    if let Some(\u001b[91m&ino\u001b[0m) = parent_inode.children.remove(&name.to_string_lossy().to_string()) {\n\u001b[1m\u001b[94m522\u001b[0m \u001b[92m+ \u001b[0m                    if let Some(\u001b[92mino\u001b[0m) = parent_inode.children.remove(&name.to_string_lossy().to_string()) {\n    \u001b[1m\u001b[94m|\u001b[0m\n\n"}
{"$message_type":"diagnostic","message":"unused import: `Write`","code":{"code":"unused_imports","explanation":null},"level":"warning","spans":[{"file_name":"src/ftp.rs","byte_start":76,"byte_end":81,"line_start":3,"line_end":3,"column_start":23,"column_end":28,"is_primary":true,"text":[{"text":"use std::io::{Cursor, Write};","highlight_start":23,"highlight_end":28}],"label":null,"suggested_replacement":null,"suggestion_applicability":null,"expansion":null}],"children":[],"rendered":"\u001b[1m\u001b[33mwarning\u001b[0m\u001b[1m: unused import: `Write`\u001b[0m\n \u001b[1m\u001b[94m--> \u001b[0msrc/ftp.rs:3:23\n  \u001b[1m\u001b[94m|\u001b[0m\n\u001b[1m\u001b[94m3\u001b[0m \u001b[1m\u001b[94m|\u001b[0m use std::io::{Cursor, Write};\n  \u001b[1m\u001b[94m|\u001b[0m                       \u001b[1m\u001b[33m^^^^^\u001b[0m\n\n"}
{"$message_type":"diagnostic","message":"non-exhaustive patterns: `ftp::FileType::Symlink` not covered","code":{"code":"E0004","explanation":"This error indicates that the compiler cannot guarantee a matching pattern for\none or more possible inputs to a match expression. Guaranteed matches are\nrequired in order to assign values to match expressions, or alternatively,\ndetermine the flow of execution.\n\nErroneous code example:\n\n```compile_fail,E0004\nenum Terminator {\n    HastaLaVistaBaby,\n    TalkToMyHand,\n}\n\nlet x = Terminator::HastaLaVistaBaby;\n\nmatch x { // error: non-exhaustive patterns: `HastaLaVistaBaby` not covered\n    Terminator::TalkToMyHand => {}\n}\n```\n\nIf you encounter this error you must alter your patterns so that every possible\nvalue of the input type is matched. For types with a small number of variants\n(like enums) you should probably cover all cases explicitly. Alternatively, the\nunderscore `_` wildcard pattern can be added after all other patterns to match\n\"anything else\". Example:\n\n```\nenum Terminator {\n    HastaLaVistaBaby,\n    TalkToMyHand,\n}\n\nlet x = Terminator::HastaLaVistaBaby;\n\nmatch x {\n    Terminator::TalkToMyHand => {}\n    Terminator::HastaLaVistaBaby => {}\n}\n\n// or:\n\nmatch x {\n    Terminator::TalkToMyHand => {}\n    _ => {}\n}\n```\n"},"level":"error","spans":[{"file_name":"src/filesystem.rs","byte_start":3613,"byte_end":3631,"line_start":124,"line_end":124,"column_start":35,"column_end":53,"is_primary":true,"text":[{"text":"            let file_type = match ftp_file.file_type {","highlight_start":35,"highlight_end":53}],"label":"pattern `ftp::FileType::Symlink` not covered","suggested_replacement":null,"suggestion_applicability":null,"expansion":null}],"children":[{"message":"`ftp::FileType` defined here","code":null,"level":"note","spans":[{"file_name":"src/ftp.rs","byte_start":330,"byte_end":338,"line_start":11,"line_end":11,"column_start":10,"column_end":18,"is_primary":true,"text":[{"text":"pub enum FileType {","highlight_start":10,"highlight_end":18}],"label":"","suggested_replacement":null,"suggestion_applicability":null,"expansion":null},{"file_name":"src/ftp.rs","byte_start":370,"byte_end":377,"line_start":14,"line_end":14,"column_start":5,"column_end":12,"is_primary":false,"text":[{"text":"    Symlink,","highlight_start":5,"highlight_end":12}],"label":"not covered","suggested_replacement":null,"suggestion_applicability":null,"expansion":null}],"children":[],"rendered":null},{"message":"the matched value is of type `ftp::FileType`","code":null,"level":"note","spans":[],"children":[],"rendered":null},{"message":"ensure that all possible cases are being handled by adding a match arm with a wildcard pattern or an explicit pattern as shown","code":null,"level":"help","spans":[{"file_name":"src/filesystem.rs","byte_start":3773,"byte_end":3773,"line_start":126,"line_end":126,"column_start":71,"column_end":71,"is_primary":true,"text":[{"text":"                crate::ftp::FileType::Directory => FileType::Directory,","highlight_start":71,"highlight_end":71}],"label":null,"suggested_replacement":",\n                ftp::FileType::Symlink => todo!()","suggestion_applicability":"HasPlaceholders","expansion":null}],"children":[],"rendered":null}],"rendered":"\u001b[1m\u001b[91merror[E0004]\u001b[0m\u001b[1m: non-exhaustive patterns: `ftp::FileType::Symlink` not covered\u001b[0m\n   \u001b[1m\u001b[94m--> \u001b[0msrc/filesystem.rs:124:35\n    \u001b[1m\u001b[94m|\u001b[0m\n\u001b[1m\u001b[94m124\u001b[0m \u001b[1m\u001b[94m|\u001b[0m             let file_type = match ftp_file.file_type {\n    \u001b[1m\u001b[94m|\u001b[0m                                   \u001b[1m\u001b[91m^^^^^^^^^^^^^^^^^^\u001b[0m \u001b[1m\u001b[91mpattern `ftp::FileType::Symlink` not covered\u001b[0m\n    \u001b[1m\u001b[94m|\u001b[0m\n\u001b[1m\u001b[92mnote\u001b[0m: `ftp::FileType` defined here\n   \u001b[1m\u001b[94m--> \u001b[0msrc/ftp.rs:11:10\n    \u001b[1m\u001b[94m|\u001b[0m\n \u001b[1m\u001b[94m11\u001b[0m \u001b[1m\u001b[94m|\u001b[0m pub enum FileType {\n    \u001b[1m\u001b[94m|\u001b[0m          \u001b[1m\u001b[92m^^^^^^^^\u001b[0m\n\u001b[1m\u001b[94m...\u001b[0m\n \u001b[1m\u001b[94m14\u001b[0m \u001b[1m\u001b[94m|\u001b[0m     Symlink,\n    \u001b[1m\u001b[94m|\u001b[0m     \u001b[1m\u001b[94m-------\u001b[0m \u001b[1m\u001b[94mnot covered\u001b[0m\n    \u001b[1m\u001b[94m= \u001b[0m\u001b[1mnote\u001b[0m: the matched value is of type `ftp::FileType`\n\u001b[1m\u001b[96mhelp\u001b[0m: ensure that all possible cases are being handled by adding a match arm with a wildcard pattern or an explicit pattern as shown\n    \u001b[1m\u001b[94m|\u001b[0m\n\u001b[1m\u001b[94m126\u001b[0m \u001b[92m~ \u001b[0m                crate::ftp::FileType::Directory => FileType::Directory\u001b[92m,\u001b[0m\n\u001b[1m\u001b[94m127\u001b[0m \u001b[92m~                 ftp::FileType::Symlink => todo!()\u001b[0m,\n    \u001b[1m\u001b[94m|\u001b[0m\n\n"}
{"$message_type":"diagnostic","message":"variable does not need to be mutable","code":{"code":"unused_mut","explanation":null},"level":"warning","spans":[{"file_name":"src/filesystem.rs","byte_start":8908,"byte_end":8917,"line_start":272,"line_end":272,"column_start":19,"column_end":28,"is_primary":true,"text":[{"text":"        if let Ok(mut cache) = self.read_cache.lock() {","highlight_start":19,"highlight_end":28}],"label":null,"suggested_replacement":null,"suggestion_applicability":null,"expansion":null}],"children":[{"message":"`#[warn(unused_mut)]` (part of `#[warn(unused)]`) on by default","code":null,"level":"note","spans":[],"children":[],"rendered":null},{"message":"remove this `mut`","code":null,"level":"help","spans":[{"file_name":"src/filesystem.rs","byte_start":8908,"byte_end":8912,"line_start":272,"line_end":272,"column_start":19,"column_end":23,"is_primary":true,"text":[{"text":"        if let Ok(mut cache) = self.read_cache.lock() {","highlight_start":19,"highlight_end":23}],"label":null,"suggested_replacement":"","suggestion_applicability":"MachineApplicable","expansion":null}],"children":[],"rendered":null}],"rendered":"\u001b[1m\u001b[33mwarning\u001b[0m\u001b[1m: variable does not need to be mutable\u001b[0m\n   \u001b[1m\u001b[94m--> \u001b[0msrc/filesystem.rs:272:19\n    \u001b[1m\u001b[94m|\u001b[0m\n\u001b[1m\u001b[94m272\u001b[0m \u001b[1m\u001b[94m|\u001b[0m         if let Ok(mut cache) = self.read_cache.lock() {\n    \u001b[1m\u001b[94m|\u001b[0m                   \u001b[1m\u001b[94m----\u001b[0m\u001b[1m\u001b[33m^^^^^\u001b[0m\n    \u001b[1m\u001b[94m|\u001b[0m                   \u001b[1m\u001b[94m|\u001b[0m\n    \u001b[1m\u001b[94m|\u001b[0m                   \u001b[1m\u001b[94mhelp: remove this `mut`\u001b[0m\n    \u001b[1m\u001b[94m|\u001b[0m\n    \u001b[1m\u001b[94m= \u001b[0m\u001b[1mnote\u001b[0m: `#[warn(unused_mut)]` (part of `#[warn(unused)]`) on by default\n\n"}
{"$message_type":"diagnostic","message":"cannot borrow `inodes` as mutable more than once at a time","code":{"code":"E0499","explanation":"A variable was borrowed as mutable more than once.\n\nErroneous code example:\n\n```compile_fail,E0499\nlet mut i = 0;\nlet mut x = &mut i;\nlet mut a = &mut i;\nx;\n// error: cannot borrow `i` as mutable more than once at a time\n```\n\nPlease note that in Rust, you can either have many immutable references, or one\nmutable reference. For more details you may want to read the\n[References & Borrowing][references-and-borrowing] section of the Book.\n\n[references-and-borrowing]: https://doc.rust-lang.org/book/ch04-02-references-and-borrowing.html\n\nExample:\n\n```\nlet mut i = 0;\nlet mut x = &mut i; // ok!\n\n// or:\nlet mut i = 0;\nlet a = &i; // ok!\nlet b = &i; // still ok!\nlet c = &i; // still ok!\nb;\na;\n```\n"},"level":"error","spans":[{"file_name":"src/filesystem.rs","byte_start":14662,"byte_end":14668,"line_start":438,"line_end":438,"column_start":45,"column_end":51,"is_primary":false,"text":[{"text":"                if let Some(parent_inode) = inodes.get_mut(&parent) {","highlight_start":45,"highlight_end":51}],"label":"first mutable borrow occurs here","suggested_replacement":null,"suggestion_applicability":null,"expansion":null},{"file_name":"src/filesystem.rs","byte_start":14817,"byte_end":14823,"line_start":440,"line_end":440,"column_start":25,"column_end":31,"is_primary":true,"text":[{"text":"                        inodes.remove(&ino);","highlight_start":25,"highlight_end":31}],"label":"second mutable borrow occurs here","suggested_replacement":null,"suggestion_applicability":null,"expansion":null},{"file_name":"src/filesystem.rs","byte_start":14862,"byte_end":14883,"line_start":441,"line_end":441,"column_start":25,"column_end":46,"is_primary":false,"text":[{"text":"                        parent_inode.children.remove(&name.to_string_lossy().to_string());","highlight_start":25,"highlight_end":46}],"label":"first borrow later used here","suggested_replacement":null,"suggestion_applicability":null,"expansion":null}],"children":[],"rendered":"\u001b[1m\u001b[91merror[E0499]\u001b[0m\u001b[1m: cannot borrow `inodes` as mutable more than once at a time\u001b[0m\n   \u001b[1m\u001b[94m--> \u001b[0msrc/filesystem.rs:440:25\n    \u001b[1m\u001b[94m|\u001b[0m\n\u001b[1m\u001b[94m438\u001b[0m \u001b[1m\u001b[94m|\u001b[0m \u001b[1m\u001b[94m...\u001b[0m if let Some(parent_inode) = inodes.get_mut(&pare\u001b[1m\u001b[94m...\u001b[0m\n    \u001b[1m\u001b[94m|\u001b[0m                                 \u001b[1m\u001b[94m------\u001b[0m \u001b[1m\u001b[94mfirst mutable borrow occurs here\u001b[0m\n\u001b[1m\u001b[94m439\u001b[0m \u001b[1m\u001b[94m|\u001b[0m \u001b[1m\u001b[94m...\u001b[0m     if let Some(&ino) = parent_inode.children.ge\u001b[1m\u001b[94m...\u001b[0m\n\u001b[1m\u001b[94m440\u001b[0m \u001b[1m\u001b[94m|\u001b[0m \u001b[1m\u001b[94m...\u001b[0m         inodes.remove(&ino);\n    \u001b[1m\u001b[94m|\u001b[0m             \u001b[1m\u001b[91m^^^^^^\u001b[0m \u001b[1m\u001b[91msecond mutable borrow occurs here\u001b[0m\n\u001b[1m\u001b[94m441\u001b[0m \u001b[1m\u001b[94m|\u001b[0m \u001b[1m\u001b[94m...\u001b[0m         parent_inode.children.remove(&name.to_st\u001b[1m\u001b[94m...\u001b[0m\n    \u001b[1m\u001b[94m|\u001b[0m             \u001b[1m\u001b[94m---------------------\u001b[0m \u001b[1m\u001b[94mfirst borrow later used here\u001b[0m\n\n"}
{"$message_type":"diagnostic","message":"cannot borrow `inodes` as mutable more than once at a time","code":{"code":"E0499","explanation":"A variable was borrowed as mutable more than once.\n\nErroneous code example:\n\n```compile_fail,E0499\nlet mut i = 0;\nlet mut x = &mut i;\nlet mut a = &mut i;\nx;\n// error: cannot borrow `i` as mutable more than once at a time\n```\n\nPlease note that in Rust, you can either have many immutable references, or one\nmutable reference. For more details you may want to read the\n[References & Borrowing][references-and-borrowing] section of the Book.\n\n[references-and-borrowing]: https://doc.rust-lang.org/book/ch04-02-references-and-borrowing.html\n\nExample:\n\n```\nlet mut i = 0;\nlet mut x = &mut i; // ok!\n\n// or:\nlet mut i = 0;\nlet a = &i; // ok!\nlet b = &i; // still ok!\nlet c = &i; // still ok!\nb;\na;\n```\n"},"level":"error","spans":[{"file_name":"src/filesystem.rs","byte_start":15790,"byte_end":15796,"line_start":469,"line_end":469,"column_start":45,"column_end":51,"is_primary":false,"text":[{"text":"                if let Some(parent_inode) = inodes.get_mut(&parent) {","highlight_start":45,"highlight_end":51}],"label":"first mutable borrow occurs here","suggested_replacement":null,"suggestion_applicability":null,"expansion":null},{"file_name":"src/filesystem.rs","byte_start":15945,"byte_end":15951,"line_start":471,"line_end":471,"column_start":25,"column_end":31,"is_primary":true,"text":[{"text":"                        inodes.remove(&ino);","highlight_start":25,"highlight_end":31}],"label":"second mutable borrow occurs here","suggested_replacement":null,"suggestion_applicability":null,"expansion":null},{"file_name":"src/filesystem.rs","byte_start":15990,"byte_end":16011,"line_start":472,"line_end":472,"column_start":25,"column_end":46,"is_primary":false,"text":[{"text":"                        parent_inode.children.remove(&name.to_string_lossy().to_string());","highlight_start":25,"highlight_end":46}],"label":"first borrow later used here","suggested_replacement":null,"suggestion_applicability":null,"expansion":null}],"children":[],"rendered":"\u001b[1m\u001b[91merror[E0499]\u001b[0m\u001b[1m: cannot borrow `inodes` as mutable more than once at a time\u001b[0m\n   \u001b[1m\u001b[94m--> \u001b[0msrc/filesystem.rs:471:25\n    \u001b[1m\u001b[94m|\u001b[0m\n\u001b[1m\u001b[94m469\u001b[0m \u001b[1m\u001b[94m|\u001b[0m \u001b[1m\u001b[94m...\u001b[0m if let Some(parent_inode) = inodes.get_mut(&pare\u001b[1m\u001b[94m...\u001b[0m\n    \u001b[1m\u001b[94m|\u001b[0m                                 \u001b[1m\u001b[94m------\u001b[0m \u001b[1m\u001b[94mfirst mutable borrow occurs here\u001b[0m\n\u001b[1m\u001b[94m470\u001b[0m \u001b[1m\u001b[94m|\u001b[0m \u001b[1m\u001b[94m...\u001b[0m     if let Some(&ino) = parent_inode.children.ge\u001b[1m\u001b[94m...\u001b[0m\n\u001b[1m\u001b[94m471\u001b[0m \u001b[1m\u001b[94m|\u001b[0m \u001b[1m\u001b[94m...\u001b[0m         inodes.remove(&ino);\n    \u001b[1m\u001b[94m|\u001b[0m             \u001b[1m\u001b[91m^^^^^^\u001b[0m \u001b[1m\u001b[91msecond mutable borrow occurs here\u001b[0m\n\u001b[1m\u001b[94m472\u001b[0m \u001b[1m\u001b[94m|\u001b[0m \u001b[1m\u001b[94m...\u001b[0m         parent_inode.children.remove(&name.to_st\u001b[1m\u001b[94m...\u001b[0m\n    \u001b[1m\u001b[94m|\u001b[0m             \u001b[1m\u001b[94m---------------------\u001b[0m \u001b[1m\u001b[94mfirst borrow later used here\u001b[0m\n\n"}
{"$message_type":"diagnostic","message":"unused variable: `umask`","code":{"code":"unused_variables","explanation":null},"level":"warning","spans":[{"file_name":"src/filesystem.rs","byte_start":18391,"byte_end":18396,"line_start":549,"line_end":549,"column_start":9,"column_end":14,"is_primary":true,"text":[{"text":"        umask: u32,","highlight_start":9,"highlight_end":14}],"label":null,"suggested_replacement":null,"suggestion_applicability":null,"expansion":null}],"children":[{"message":"`#[warn(unused_variables)]` (part of `#[warn(unused)]`) on by default","code":null,"level":"note","spans":[],"children":[],"rendered":null},{"message":"if this is intentional, prefix it with an underscore","code":null,"level":"help","spans":[{"file_name":"src/filesystem.rs","byte_start":18391,"byte_end":18396,"line_start":549,"line_end":549,"column_start":9,"column_end":14,"is_primary":true,"text":[{"text":"        umask: u32,","highlight_start":9,"highlight_end":14}],"label":null,"suggested_replacement":"_umask","suggestion_applicability":"MachineApplicable","expansion":null}],"children":[],"rendered":null}],"rendered":"\u001b[1m\u001b[33mwarning\u001b[0m\u001b[1m: unused variable: `umask`\u001b[0m\n   \u001b[1m\u001b[94m--> \u001b[0msrc/filesystem.rs:549:9\n    \u001b[1m\u001b[94m|\u001b[0m\n\u001b[1m\u001b[94m549\u001b[0m \u001b[1m\u001b[94m|\u001b[0m         umask: u32,\n    \u001b[1m\u001b[94m|\u001b[0m         \u001b[1m\u001b[33m^^^^^\u001b[0m \u001b[1m\u001b[33mhelp: if this is intentional, prefix it with an underscore: `_umask`\u001b[0m\n    \u001b[1m\u001b[94m|\u001b[0m\n    \u001b[1m\u001b[94m= \u001b[0m\u001b[1mnote\u001b[0m: `#[warn(unused_variables)]` (part of `#[warn(unused)]`) on by default\n\n"}
{"$message_type":"diagnostic","message":"unused variable: `flags`","code":{"code":"unused_variables","explanation":null},"level":"warning","spans":[{"file_name":"src/filesystem.rs","byte_start":18411,"byte_end":18416,"line_start":550,"line_end":550,"column_start":9,"column_end":14,"is_primary":true,"text":[{"text":"        flags: i32,","highlight_start":9,"highlight_end":14}],"label":null,"suggested_replacement":null,"suggestion_applicability":null,"expansion":null}],"children":[{"message":"if this is intentional, prefix it with an underscore","code":null,"level":"help","spans":[{"file_name":"src/filesystem.rs","byte_start":18411,"byte_end":18416,"line_start":550,"line_end":550,"column_start":9,"column_end":14,"is_primary":true,"text":[{"text":"        flags: i32,","highlight_start":9,"highlight_end":14}],"label":null,"suggested_replacement":"_flags","suggestion_applicability":"MachineApplicable","expansion":null}],"children":[],"rendered":null}],"rendered":"\u001b[1m\u001b[33mwarning\u001b[0m\u001b[1m: unused variable: `flags`\u001b[0m\n   \u001b[1m\u001b[94m--> \u001b[0msrc/filesystem.rs:550:9\n    \u001b[1m\u001b[94m|\u001b[0m\n\u001b[1m\u001b[94m550\u001b[0m \u001b[1m\u001b[94m|\u001b[0m         flags: i32,\n    \u001b[1m\u001b[94m|\u001b[0m         \u001b[1m\u001b[33m^^^^^\u001b[0m \u001b[1m\u001b[33mhelp: if this is intentional, prefix it with an underscore: `_flags`\u001b[0m\n\n"}
{"$message_type":"diagnostic","message":"aborting due to 23 previous errors; 8 warnings emitted","code":null,"level":"error","spans":[],"children":[],"rendered":"\u001b[1m\u001b[91merror\u001b[0m\u001b[1m: aborting due to 23 previous errors; 8 warnings emitted\u001b[0m\n\n"}
{"$message_type":"diagnostic","message":"Some errors have detailed explanations: E0004, E0050, E0053, E0277, E0282, E0308, E0499, E0599.","code":null,"level":"failure-note","spans":[],"children":[],"rendered":"\u001b[1mSome errors have detailed explanations: E0004, E0050, E0053, E0277, E0282, E0308, E0499, E0599.\u001b[0m\n"}
{"$message_type":"diagnostic","message":"For more information about an error, try `rustc --explain E0004`.","code":null,"level":"failure-note","spans":[],"children":[],"rendered":"\u001b[1mFor more information about an error, try `rustc --explain E0004`.\u001b[0m\n"}
